[2025-06-11T16:59:49.272+0000] {taskinstance.py:1979} INFO - Dependencies all met for dep_context=non-requeueable deps ti=<TaskInstance: sentinel_ndvi_processing_pipeline.convert_geotiff_to_cog manual__2025-06-11T16:56:42.258630+00:00 [queued]>
[2025-06-11T16:59:49.277+0000] {taskinstance.py:1979} INFO - Dependencies all met for dep_context=requeueable deps ti=<TaskInstance: sentinel_ndvi_processing_pipeline.convert_geotiff_to_cog manual__2025-06-11T16:56:42.258630+00:00 [queued]>
[2025-06-11T16:59:49.278+0000] {taskinstance.py:2193} INFO - Starting attempt 1 of 1
[2025-06-11T16:59:49.285+0000] {taskinstance.py:2214} INFO - Executing <Task(BashOperator): convert_geotiff_to_cog> on 2025-06-11 16:56:42.258630+00:00
[2025-06-11T16:59:49.288+0000] {standard_task_runner.py:60} INFO - Started process 243 to run task
[2025-06-11T16:59:49.290+0000] {standard_task_runner.py:87} INFO - Running: ['***', 'tasks', 'run', 'sentinel_ndvi_processing_pipeline', 'convert_geotiff_to_cog', 'manual__2025-06-11T16:56:42.258630+00:00', '--job-id', '60', '--raw', '--subdir', 'DAGS_FOLDER/process_sentinel_ndvi_dag.py', '--cfg-path', '/tmp/tmpcak835ld']
[2025-06-11T16:59:49.291+0000] {standard_task_runner.py:88} INFO - Job 60: Subtask convert_geotiff_to_cog
[2025-06-11T16:59:49.319+0000] {task_command.py:423} INFO - Running <TaskInstance: sentinel_ndvi_processing_pipeline.convert_geotiff_to_cog manual__2025-06-11T16:56:42.258630+00:00 [running]> on host af8193c146bc
[2025-06-11T16:59:49.369+0000] {taskinstance.py:2510} INFO - Exporting env vars: AIRFLOW_CTX_DAG_OWNER='***' AIRFLOW_CTX_DAG_ID='sentinel_ndvi_processing_pipeline' AIRFLOW_CTX_TASK_ID='convert_geotiff_to_cog' AIRFLOW_CTX_EXECUTION_DATE='2025-06-11T16:56:42.258630+00:00' AIRFLOW_CTX_TRY_NUMBER='1' AIRFLOW_CTX_DAG_RUN_ID='manual__2025-06-11T16:56:42.258630+00:00'
[2025-06-11T16:59:49.371+0000] {subprocess.py:63} INFO - Tmp dir root location: /tmp
[2025-06-11T16:59:49.371+0000] {subprocess.py:75} INFO - Running command: ['/usr/bin/bash', '-c', 'cd /opt/***/processing_output && python3 /opt/***/dags/pipeline_tasks/create_cog.py ndvi_S2A_36SXA_20250610_0_L2A.tif']
[2025-06-11T16:59:49.379+0000] {subprocess.py:86} INFO - Output:
[2025-06-11T17:00:00.588+0000] {subprocess.py:93} INFO - --- COG Conversion Script ---
[2025-06-11T17:00:00.588+0000] {subprocess.py:93} INFO - Input GeoTIFF: /opt/***/processing_output/ndvi_S2A_36SXA_20250610_0_L2A.tif
[2025-06-11T17:00:00.588+0000] {subprocess.py:93} INFO - Target Output COG: /opt/***/processing_output/ndvi_S2A_36SXA_20250610_0_L2A_cog.tif
[2025-06-11T17:00:00.588+0000] {subprocess.py:93} INFO - Starting COG conversion for: /opt/***/processing_output/ndvi_S2A_36SXA_20250610_0_L2A.tif
[2025-06-11T17:00:00.588+0000] {subprocess.py:93} INFO -   Output COG will be: /opt/***/processing_output/ndvi_S2A_36SXA_20250610_0_L2A_cog.tif
[2025-06-11T17:00:00.588+0000] {subprocess.py:93} INFO -   Options: blocksize=512, compression=ZSTD, overview_levels=[2, 4, 8, 16, 32]
[2025-06-11T17:00:00.588+0000] {subprocess.py:93} INFO -   Writing initial COG structure...
[2025-06-11T17:00:00.588+0000] {subprocess.py:93} INFO -   Initial COG structure written to /opt/***/processing_output/ndvi_S2A_36SXA_20250610_0_L2A_cog.tif
[2025-06-11T17:00:00.588+0000] {subprocess.py:93} INFO -   Building overviews (resampling: average)...
[2025-06-11T17:00:00.588+0000] {subprocess.py:93} INFO -   SUCCESS: Overviews built. /opt/***/processing_output/ndvi_S2A_36SXA_20250610_0_L2A_cog.tif is now a COG.
[2025-06-11T17:00:00.588+0000] {subprocess.py:93} INFO - 
[2025-06-11T17:00:00.589+0000] {subprocess.py:93} INFO - --- Script Finished Successfully ---
[2025-06-11T17:00:00.589+0000] {subprocess.py:93} INFO - Output file: /opt/***/processing_output/ndvi_S2A_36SXA_20250610_0_L2A_cog.tif
[2025-06-11T17:00:00.589+0000] {subprocess.py:93} INFO - You can validate it with 'rio cogeo validate "/opt/***/processing_output/ndvi_S2A_36SXA_20250610_0_L2A_cog.tif"'
[2025-06-11T17:00:00.655+0000] {subprocess.py:97} INFO - Command exited with return code 0
[2025-06-11T17:00:00.679+0000] {taskinstance.py:1149} INFO - Marking task as SUCCESS. dag_id=sentinel_ndvi_processing_pipeline, task_id=convert_geotiff_to_cog, execution_date=20250611T165642, start_date=20250611T165949, end_date=20250611T170000
[2025-06-11T17:00:00.710+0000] {local_task_job_runner.py:234} INFO - Task exited with return code 0
[2025-06-11T17:00:00.718+0000] {taskinstance.py:3309} INFO - 0 downstream tasks scheduled from follow-on schedule check
