[2025-06-10T20:29:06.990+0000] {processor.py:161} INFO - Started process (PID=37) to work on /opt/airflow/dags/process_sentinel_ndvi_dag.py
[2025-06-10T20:29:06.990+0000] {processor.py:830} INFO - Processing file /opt/airflow/dags/process_sentinel_ndvi_dag.py for tasks to queue
[2025-06-10T20:29:06.991+0000] {logging_mixin.py:188} INFO - [2025-06-10T20:29:06.991+0000] {dagbag.py:540} INFO - Filling up the DagBag from /opt/airflow/dags/process_sentinel_ndvi_dag.py
[2025-06-10T20:29:07.007+0000] {processor.py:840} INFO - DAG(s) 'sentinel_ndvi_processing_pipeline' retrieved from /opt/airflow/dags/process_sentinel_ndvi_dag.py
[2025-06-10T20:29:07.018+0000] {logging_mixin.py:188} INFO - [2025-06-10T20:29:07.018+0000] {dag.py:3047} INFO - Sync 1 DAGs
[2025-06-10T20:29:07.024+0000] {logging_mixin.py:188} INFO - [2025-06-10T20:29:07.024+0000] {dag.py:3834} INFO - Setting next_dagrun for sentinel_ndvi_processing_pipeline to None, run_after=None
[2025-06-10T20:29:07.034+0000] {processor.py:183} INFO - Processing /opt/airflow/dags/process_sentinel_ndvi_dag.py took 0.046 seconds
[2025-06-10T20:29:37.077+0000] {processor.py:161} INFO - Started process (PID=44) to work on /opt/airflow/dags/process_sentinel_ndvi_dag.py
[2025-06-10T20:29:37.078+0000] {processor.py:830} INFO - Processing file /opt/airflow/dags/process_sentinel_ndvi_dag.py for tasks to queue
[2025-06-10T20:29:37.079+0000] {logging_mixin.py:188} INFO - [2025-06-10T20:29:37.079+0000] {dagbag.py:540} INFO - Filling up the DagBag from /opt/airflow/dags/process_sentinel_ndvi_dag.py
[2025-06-10T20:29:37.083+0000] {processor.py:840} INFO - DAG(s) 'sentinel_ndvi_processing_pipeline' retrieved from /opt/airflow/dags/process_sentinel_ndvi_dag.py
[2025-06-10T20:29:37.280+0000] {logging_mixin.py:188} INFO - [2025-06-10T20:29:37.279+0000] {dag.py:3047} INFO - Sync 1 DAGs
[2025-06-10T20:29:37.285+0000] {logging_mixin.py:188} INFO - [2025-06-10T20:29:37.284+0000] {dag.py:3834} INFO - Setting next_dagrun for sentinel_ndvi_processing_pipeline to None, run_after=None
[2025-06-10T20:29:37.295+0000] {processor.py:183} INFO - Processing /opt/airflow/dags/process_sentinel_ndvi_dag.py took 0.220 seconds
[2025-06-10T20:30:07.368+0000] {processor.py:161} INFO - Started process (PID=51) to work on /opt/airflow/dags/process_sentinel_ndvi_dag.py
[2025-06-10T20:30:07.369+0000] {processor.py:830} INFO - Processing file /opt/airflow/dags/process_sentinel_ndvi_dag.py for tasks to queue
[2025-06-10T20:30:07.370+0000] {logging_mixin.py:188} INFO - [2025-06-10T20:30:07.370+0000] {dagbag.py:540} INFO - Filling up the DagBag from /opt/airflow/dags/process_sentinel_ndvi_dag.py
[2025-06-10T20:30:07.375+0000] {processor.py:840} INFO - DAG(s) 'sentinel_ndvi_processing_pipeline' retrieved from /opt/airflow/dags/process_sentinel_ndvi_dag.py
[2025-06-10T20:30:07.388+0000] {logging_mixin.py:188} INFO - [2025-06-10T20:30:07.388+0000] {dag.py:3047} INFO - Sync 1 DAGs
[2025-06-10T20:30:07.394+0000] {logging_mixin.py:188} INFO - [2025-06-10T20:30:07.394+0000] {dag.py:3834} INFO - Setting next_dagrun for sentinel_ndvi_processing_pipeline to None, run_after=None
[2025-06-10T20:30:07.409+0000] {processor.py:183} INFO - Processing /opt/airflow/dags/process_sentinel_ndvi_dag.py took 0.043 seconds
[2025-06-10T20:30:37.439+0000] {processor.py:161} INFO - Started process (PID=58) to work on /opt/airflow/dags/process_sentinel_ndvi_dag.py
[2025-06-10T20:30:37.441+0000] {processor.py:830} INFO - Processing file /opt/airflow/dags/process_sentinel_ndvi_dag.py for tasks to queue
[2025-06-10T20:30:37.442+0000] {logging_mixin.py:188} INFO - [2025-06-10T20:30:37.442+0000] {dagbag.py:540} INFO - Filling up the DagBag from /opt/airflow/dags/process_sentinel_ndvi_dag.py
[2025-06-10T20:30:37.447+0000] {processor.py:840} INFO - DAG(s) 'sentinel_ndvi_processing_pipeline' retrieved from /opt/airflow/dags/process_sentinel_ndvi_dag.py
[2025-06-10T20:30:37.460+0000] {logging_mixin.py:188} INFO - [2025-06-10T20:30:37.459+0000] {dag.py:3047} INFO - Sync 1 DAGs
[2025-06-10T20:30:37.465+0000] {logging_mixin.py:188} INFO - [2025-06-10T20:30:37.465+0000] {dag.py:3834} INFO - Setting next_dagrun for sentinel_ndvi_processing_pipeline to None, run_after=None
[2025-06-10T20:30:37.479+0000] {processor.py:183} INFO - Processing /opt/airflow/dags/process_sentinel_ndvi_dag.py took 0.042 seconds
[2025-06-10T20:31:07.544+0000] {processor.py:161} INFO - Started process (PID=65) to work on /opt/airflow/dags/process_sentinel_ndvi_dag.py
[2025-06-10T20:31:07.545+0000] {processor.py:830} INFO - Processing file /opt/airflow/dags/process_sentinel_ndvi_dag.py for tasks to queue
[2025-06-10T20:31:07.546+0000] {logging_mixin.py:188} INFO - [2025-06-10T20:31:07.546+0000] {dagbag.py:540} INFO - Filling up the DagBag from /opt/airflow/dags/process_sentinel_ndvi_dag.py
[2025-06-10T20:31:07.551+0000] {processor.py:840} INFO - DAG(s) 'sentinel_ndvi_processing_pipeline' retrieved from /opt/airflow/dags/process_sentinel_ndvi_dag.py
[2025-06-10T20:31:07.564+0000] {logging_mixin.py:188} INFO - [2025-06-10T20:31:07.563+0000] {dag.py:3047} INFO - Sync 1 DAGs
[2025-06-10T20:31:07.570+0000] {logging_mixin.py:188} INFO - [2025-06-10T20:31:07.570+0000] {dag.py:3834} INFO - Setting next_dagrun for sentinel_ndvi_processing_pipeline to None, run_after=None
[2025-06-10T20:31:07.578+0000] {processor.py:183} INFO - Processing /opt/airflow/dags/process_sentinel_ndvi_dag.py took 0.037 seconds
[2025-06-10T20:32:09.124+0000] {processor.py:161} INFO - Started process (PID=37) to work on /opt/airflow/dags/process_sentinel_ndvi_dag.py
[2025-06-10T20:32:09.522+0000] {processor.py:830} INFO - Processing file /opt/airflow/dags/process_sentinel_ndvi_dag.py for tasks to queue
[2025-06-10T20:32:09.523+0000] {logging_mixin.py:188} INFO - [2025-06-10T20:32:09.523+0000] {dagbag.py:540} INFO - Filling up the DagBag from /opt/airflow/dags/process_sentinel_ndvi_dag.py
[2025-06-10T20:32:09.537+0000] {processor.py:840} INFO - DAG(s) 'sentinel_ndvi_processing_pipeline' retrieved from /opt/airflow/dags/process_sentinel_ndvi_dag.py
[2025-06-10T20:32:09.548+0000] {logging_mixin.py:188} INFO - [2025-06-10T20:32:09.548+0000] {dag.py:3047} INFO - Sync 1 DAGs
[2025-06-10T20:32:09.555+0000] {logging_mixin.py:188} INFO - [2025-06-10T20:32:09.555+0000] {dag.py:3834} INFO - Setting next_dagrun for sentinel_ndvi_processing_pipeline to None, run_after=None
[2025-06-10T20:32:09.564+0000] {processor.py:183} INFO - Processing /opt/airflow/dags/process_sentinel_ndvi_dag.py took 0.442 seconds
[2025-06-10T20:32:39.641+0000] {processor.py:161} INFO - Started process (PID=44) to work on /opt/airflow/dags/process_sentinel_ndvi_dag.py
[2025-06-10T20:32:39.642+0000] {processor.py:830} INFO - Processing file /opt/airflow/dags/process_sentinel_ndvi_dag.py for tasks to queue
[2025-06-10T20:32:39.644+0000] {logging_mixin.py:188} INFO - [2025-06-10T20:32:39.643+0000] {dagbag.py:540} INFO - Filling up the DagBag from /opt/airflow/dags/process_sentinel_ndvi_dag.py
[2025-06-10T20:32:39.649+0000] {processor.py:840} INFO - DAG(s) 'sentinel_ndvi_processing_pipeline' retrieved from /opt/airflow/dags/process_sentinel_ndvi_dag.py
[2025-06-10T20:32:39.817+0000] {logging_mixin.py:188} INFO - [2025-06-10T20:32:39.817+0000] {dag.py:3047} INFO - Sync 1 DAGs
[2025-06-10T20:32:39.822+0000] {logging_mixin.py:188} INFO - [2025-06-10T20:32:39.822+0000] {dag.py:3834} INFO - Setting next_dagrun for sentinel_ndvi_processing_pipeline to None, run_after=None
[2025-06-10T20:32:39.831+0000] {processor.py:183} INFO - Processing /opt/airflow/dags/process_sentinel_ndvi_dag.py took 0.193 seconds
[2025-06-10T20:33:09.904+0000] {processor.py:161} INFO - Started process (PID=51) to work on /opt/airflow/dags/process_sentinel_ndvi_dag.py
[2025-06-10T20:33:09.906+0000] {processor.py:830} INFO - Processing file /opt/airflow/dags/process_sentinel_ndvi_dag.py for tasks to queue
[2025-06-10T20:33:09.907+0000] {logging_mixin.py:188} INFO - [2025-06-10T20:33:09.907+0000] {dagbag.py:540} INFO - Filling up the DagBag from /opt/airflow/dags/process_sentinel_ndvi_dag.py
[2025-06-10T20:33:09.912+0000] {processor.py:840} INFO - DAG(s) 'sentinel_ndvi_processing_pipeline' retrieved from /opt/airflow/dags/process_sentinel_ndvi_dag.py
[2025-06-10T20:33:09.930+0000] {logging_mixin.py:188} INFO - [2025-06-10T20:33:09.930+0000] {dag.py:3047} INFO - Sync 1 DAGs
[2025-06-10T20:33:09.936+0000] {logging_mixin.py:188} INFO - [2025-06-10T20:33:09.936+0000] {dag.py:3834} INFO - Setting next_dagrun for sentinel_ndvi_processing_pipeline to None, run_after=None
[2025-06-10T20:33:09.951+0000] {processor.py:183} INFO - Processing /opt/airflow/dags/process_sentinel_ndvi_dag.py took 0.049 seconds
[2025-06-10T20:33:39.972+0000] {processor.py:161} INFO - Started process (PID=58) to work on /opt/airflow/dags/process_sentinel_ndvi_dag.py
[2025-06-10T20:33:39.974+0000] {processor.py:830} INFO - Processing file /opt/airflow/dags/process_sentinel_ndvi_dag.py for tasks to queue
[2025-06-10T20:33:39.975+0000] {logging_mixin.py:188} INFO - [2025-06-10T20:33:39.975+0000] {dagbag.py:540} INFO - Filling up the DagBag from /opt/airflow/dags/process_sentinel_ndvi_dag.py
[2025-06-10T20:33:39.980+0000] {processor.py:840} INFO - DAG(s) 'sentinel_ndvi_processing_pipeline' retrieved from /opt/airflow/dags/process_sentinel_ndvi_dag.py
[2025-06-10T20:33:39.993+0000] {logging_mixin.py:188} INFO - [2025-06-10T20:33:39.993+0000] {dag.py:3047} INFO - Sync 1 DAGs
[2025-06-10T20:33:39.999+0000] {logging_mixin.py:188} INFO - [2025-06-10T20:33:39.999+0000] {dag.py:3834} INFO - Setting next_dagrun for sentinel_ndvi_processing_pipeline to None, run_after=None
[2025-06-10T20:33:40.013+0000] {processor.py:183} INFO - Processing /opt/airflow/dags/process_sentinel_ndvi_dag.py took 0.043 seconds
[2025-06-10T20:34:10.082+0000] {processor.py:161} INFO - Started process (PID=65) to work on /opt/airflow/dags/process_sentinel_ndvi_dag.py
[2025-06-10T20:34:10.084+0000] {processor.py:830} INFO - Processing file /opt/airflow/dags/process_sentinel_ndvi_dag.py for tasks to queue
[2025-06-10T20:34:10.085+0000] {logging_mixin.py:188} INFO - [2025-06-10T20:34:10.085+0000] {dagbag.py:540} INFO - Filling up the DagBag from /opt/airflow/dags/process_sentinel_ndvi_dag.py
[2025-06-10T20:34:10.089+0000] {processor.py:840} INFO - DAG(s) 'sentinel_ndvi_processing_pipeline' retrieved from /opt/airflow/dags/process_sentinel_ndvi_dag.py
[2025-06-10T20:34:10.102+0000] {logging_mixin.py:188} INFO - [2025-06-10T20:34:10.102+0000] {dag.py:3047} INFO - Sync 1 DAGs
[2025-06-10T20:34:10.108+0000] {logging_mixin.py:188} INFO - [2025-06-10T20:34:10.108+0000] {dag.py:3834} INFO - Setting next_dagrun for sentinel_ndvi_processing_pipeline to None, run_after=None
[2025-06-10T20:34:10.122+0000] {processor.py:183} INFO - Processing /opt/airflow/dags/process_sentinel_ndvi_dag.py took 0.041 seconds
[2025-06-10T20:34:40.153+0000] {processor.py:161} INFO - Started process (PID=72) to work on /opt/airflow/dags/process_sentinel_ndvi_dag.py
[2025-06-10T20:34:40.154+0000] {processor.py:830} INFO - Processing file /opt/airflow/dags/process_sentinel_ndvi_dag.py for tasks to queue
[2025-06-10T20:34:40.156+0000] {logging_mixin.py:188} INFO - [2025-06-10T20:34:40.155+0000] {dagbag.py:540} INFO - Filling up the DagBag from /opt/airflow/dags/process_sentinel_ndvi_dag.py
[2025-06-10T20:34:40.161+0000] {processor.py:840} INFO - DAG(s) 'sentinel_ndvi_processing_pipeline' retrieved from /opt/airflow/dags/process_sentinel_ndvi_dag.py
[2025-06-10T20:34:40.173+0000] {logging_mixin.py:188} INFO - [2025-06-10T20:34:40.173+0000] {dag.py:3047} INFO - Sync 1 DAGs
[2025-06-10T20:34:40.179+0000] {logging_mixin.py:188} INFO - [2025-06-10T20:34:40.179+0000] {dag.py:3834} INFO - Setting next_dagrun for sentinel_ndvi_processing_pipeline to None, run_after=None
[2025-06-10T20:34:40.194+0000] {processor.py:183} INFO - Processing /opt/airflow/dags/process_sentinel_ndvi_dag.py took 0.043 seconds
[2025-06-10T20:35:10.262+0000] {processor.py:161} INFO - Started process (PID=79) to work on /opt/airflow/dags/process_sentinel_ndvi_dag.py
[2025-06-10T20:35:10.264+0000] {processor.py:830} INFO - Processing file /opt/airflow/dags/process_sentinel_ndvi_dag.py for tasks to queue
[2025-06-10T20:35:10.265+0000] {logging_mixin.py:188} INFO - [2025-06-10T20:35:10.265+0000] {dagbag.py:540} INFO - Filling up the DagBag from /opt/airflow/dags/process_sentinel_ndvi_dag.py
[2025-06-10T20:35:10.270+0000] {processor.py:840} INFO - DAG(s) 'sentinel_ndvi_processing_pipeline' retrieved from /opt/airflow/dags/process_sentinel_ndvi_dag.py
[2025-06-10T20:35:10.282+0000] {logging_mixin.py:188} INFO - [2025-06-10T20:35:10.282+0000] {dag.py:3047} INFO - Sync 1 DAGs
[2025-06-10T20:35:10.289+0000] {logging_mixin.py:188} INFO - [2025-06-10T20:35:10.289+0000] {dag.py:3834} INFO - Setting next_dagrun for sentinel_ndvi_processing_pipeline to None, run_after=None
[2025-06-10T20:35:10.307+0000] {processor.py:183} INFO - Processing /opt/airflow/dags/process_sentinel_ndvi_dag.py took 0.046 seconds
[2025-06-10T20:35:13.276+0000] {processor.py:161} INFO - Started process (PID=80) to work on /opt/airflow/dags/process_sentinel_ndvi_dag.py
[2025-06-10T20:35:13.277+0000] {processor.py:830} INFO - Processing file /opt/airflow/dags/process_sentinel_ndvi_dag.py for tasks to queue
[2025-06-10T20:35:13.278+0000] {logging_mixin.py:188} INFO - [2025-06-10T20:35:13.277+0000] {dagbag.py:540} INFO - Filling up the DagBag from /opt/airflow/dags/process_sentinel_ndvi_dag.py
[2025-06-10T20:35:13.334+0000] {processor.py:840} INFO - DAG(s) 'sentinel_ndvi_processing_pipeline' retrieved from /opt/airflow/dags/process_sentinel_ndvi_dag.py
[2025-06-10T20:35:13.386+0000] {logging_mixin.py:188} INFO - [2025-06-10T20:35:13.386+0000] {dag.py:3047} INFO - Sync 1 DAGs
[2025-06-10T20:35:13.391+0000] {logging_mixin.py:188} INFO - [2025-06-10T20:35:13.391+0000] {dag.py:3834} INFO - Setting next_dagrun for sentinel_ndvi_processing_pipeline to None, run_after=None
[2025-06-10T20:35:13.408+0000] {processor.py:183} INFO - Processing /opt/airflow/dags/process_sentinel_ndvi_dag.py took 0.133 seconds
[2025-06-10T20:35:42.389+0000] {processor.py:161} INFO - Started process (PID=87) to work on /opt/airflow/dags/process_sentinel_ndvi_dag.py
[2025-06-10T20:35:42.389+0000] {processor.py:830} INFO - Processing file /opt/airflow/dags/process_sentinel_ndvi_dag.py for tasks to queue
[2025-06-10T20:35:42.390+0000] {logging_mixin.py:188} INFO - [2025-06-10T20:35:42.390+0000] {dagbag.py:540} INFO - Filling up the DagBag from /opt/airflow/dags/process_sentinel_ndvi_dag.py
[2025-06-10T20:35:42.395+0000] {processor.py:840} INFO - DAG(s) 'sentinel_ndvi_processing_pipeline' retrieved from /opt/airflow/dags/process_sentinel_ndvi_dag.py
[2025-06-10T20:35:42.402+0000] {logging_mixin.py:188} INFO - [2025-06-10T20:35:42.402+0000] {dag.py:3047} INFO - Sync 1 DAGs
[2025-06-10T20:35:42.409+0000] {logging_mixin.py:188} INFO - [2025-06-10T20:35:42.409+0000] {dag.py:3834} INFO - Setting next_dagrun for sentinel_ndvi_processing_pipeline to None, run_after=None
[2025-06-10T20:35:42.426+0000] {processor.py:183} INFO - Processing /opt/airflow/dags/process_sentinel_ndvi_dag.py took 0.039 seconds
[2025-06-10T20:36:12.459+0000] {processor.py:161} INFO - Started process (PID=94) to work on /opt/airflow/dags/process_sentinel_ndvi_dag.py
[2025-06-10T20:36:12.460+0000] {processor.py:830} INFO - Processing file /opt/airflow/dags/process_sentinel_ndvi_dag.py for tasks to queue
[2025-06-10T20:36:12.461+0000] {logging_mixin.py:188} INFO - [2025-06-10T20:36:12.461+0000] {dagbag.py:540} INFO - Filling up the DagBag from /opt/airflow/dags/process_sentinel_ndvi_dag.py
[2025-06-10T20:36:12.465+0000] {processor.py:840} INFO - DAG(s) 'sentinel_ndvi_processing_pipeline' retrieved from /opt/airflow/dags/process_sentinel_ndvi_dag.py
[2025-06-10T20:36:12.479+0000] {logging_mixin.py:188} INFO - [2025-06-10T20:36:12.479+0000] {dag.py:3047} INFO - Sync 1 DAGs
[2025-06-10T20:36:12.487+0000] {logging_mixin.py:188} INFO - [2025-06-10T20:36:12.487+0000] {dag.py:3834} INFO - Setting next_dagrun for sentinel_ndvi_processing_pipeline to None, run_after=None
[2025-06-10T20:36:12.504+0000] {processor.py:183} INFO - Processing /opt/airflow/dags/process_sentinel_ndvi_dag.py took 0.046 seconds
[2025-06-10T20:36:42.555+0000] {processor.py:161} INFO - Started process (PID=101) to work on /opt/airflow/dags/process_sentinel_ndvi_dag.py
[2025-06-10T20:36:42.557+0000] {processor.py:830} INFO - Processing file /opt/airflow/dags/process_sentinel_ndvi_dag.py for tasks to queue
[2025-06-10T20:36:42.558+0000] {logging_mixin.py:188} INFO - [2025-06-10T20:36:42.558+0000] {dagbag.py:540} INFO - Filling up the DagBag from /opt/airflow/dags/process_sentinel_ndvi_dag.py
[2025-06-10T20:36:42.563+0000] {processor.py:840} INFO - DAG(s) 'sentinel_ndvi_processing_pipeline' retrieved from /opt/airflow/dags/process_sentinel_ndvi_dag.py
[2025-06-10T20:36:42.576+0000] {logging_mixin.py:188} INFO - [2025-06-10T20:36:42.575+0000] {dag.py:3047} INFO - Sync 1 DAGs
[2025-06-10T20:36:42.581+0000] {logging_mixin.py:188} INFO - [2025-06-10T20:36:42.581+0000] {dag.py:3834} INFO - Setting next_dagrun for sentinel_ndvi_processing_pipeline to None, run_after=None
[2025-06-10T20:36:42.595+0000] {processor.py:183} INFO - Processing /opt/airflow/dags/process_sentinel_ndvi_dag.py took 0.042 seconds
[2025-06-10T20:36:52.596+0000] {processor.py:161} INFO - Started process (PID=102) to work on /opt/airflow/dags/process_sentinel_ndvi_dag.py
[2025-06-10T20:36:52.597+0000] {processor.py:830} INFO - Processing file /opt/airflow/dags/process_sentinel_ndvi_dag.py for tasks to queue
[2025-06-10T20:36:52.598+0000] {logging_mixin.py:188} INFO - [2025-06-10T20:36:52.598+0000] {dagbag.py:540} INFO - Filling up the DagBag from /opt/airflow/dags/process_sentinel_ndvi_dag.py
[2025-06-10T20:36:52.620+0000] {processor.py:840} INFO - DAG(s) 'sentinel_ndvi_processing_pipeline' retrieved from /opt/airflow/dags/process_sentinel_ndvi_dag.py
[2025-06-10T20:36:52.634+0000] {logging_mixin.py:188} INFO - [2025-06-10T20:36:52.634+0000] {dag.py:3047} INFO - Sync 1 DAGs
[2025-06-10T20:36:52.640+0000] {logging_mixin.py:188} INFO - [2025-06-10T20:36:52.640+0000] {dag.py:3834} INFO - Setting next_dagrun for sentinel_ndvi_processing_pipeline to None, run_after=None
[2025-06-10T20:36:52.649+0000] {processor.py:183} INFO - Processing /opt/airflow/dags/process_sentinel_ndvi_dag.py took 0.055 seconds
[2025-06-10T20:37:09.666+0000] {processor.py:161} INFO - Started process (PID=103) to work on /opt/airflow/dags/process_sentinel_ndvi_dag.py
[2025-06-10T20:37:09.666+0000] {processor.py:830} INFO - Processing file /opt/airflow/dags/process_sentinel_ndvi_dag.py for tasks to queue
[2025-06-10T20:37:09.667+0000] {logging_mixin.py:188} INFO - [2025-06-10T20:37:09.667+0000] {dagbag.py:540} INFO - Filling up the DagBag from /opt/airflow/dags/process_sentinel_ndvi_dag.py
[2025-06-10T20:37:09.672+0000] {processor.py:840} INFO - DAG(s) 'sentinel_ndvi_processing_pipeline' retrieved from /opt/airflow/dags/process_sentinel_ndvi_dag.py
[2025-06-10T20:37:09.687+0000] {logging_mixin.py:188} INFO - [2025-06-10T20:37:09.687+0000] {dag.py:3047} INFO - Sync 1 DAGs
[2025-06-10T20:37:09.693+0000] {logging_mixin.py:188} INFO - [2025-06-10T20:37:09.692+0000] {dag.py:3834} INFO - Setting next_dagrun for sentinel_ndvi_processing_pipeline to None, run_after=None
[2025-06-10T20:37:09.708+0000] {processor.py:183} INFO - Processing /opt/airflow/dags/process_sentinel_ndvi_dag.py took 0.044 seconds
[2025-06-10T20:37:39.760+0000] {processor.py:161} INFO - Started process (PID=110) to work on /opt/airflow/dags/process_sentinel_ndvi_dag.py
[2025-06-10T20:37:39.760+0000] {processor.py:830} INFO - Processing file /opt/airflow/dags/process_sentinel_ndvi_dag.py for tasks to queue
[2025-06-10T20:37:39.761+0000] {logging_mixin.py:188} INFO - [2025-06-10T20:37:39.761+0000] {dagbag.py:540} INFO - Filling up the DagBag from /opt/airflow/dags/process_sentinel_ndvi_dag.py
[2025-06-10T20:37:39.766+0000] {processor.py:840} INFO - DAG(s) 'sentinel_ndvi_processing_pipeline' retrieved from /opt/airflow/dags/process_sentinel_ndvi_dag.py
[2025-06-10T20:37:39.779+0000] {logging_mixin.py:188} INFO - [2025-06-10T20:37:39.778+0000] {dag.py:3047} INFO - Sync 1 DAGs
[2025-06-10T20:37:39.785+0000] {logging_mixin.py:188} INFO - [2025-06-10T20:37:39.785+0000] {dag.py:3834} INFO - Setting next_dagrun for sentinel_ndvi_processing_pipeline to None, run_after=None
[2025-06-10T20:37:39.801+0000] {processor.py:183} INFO - Processing /opt/airflow/dags/process_sentinel_ndvi_dag.py took 0.043 seconds
[2025-06-10T20:38:06.831+0000] {processor.py:161} INFO - Started process (PID=117) to work on /opt/airflow/dags/process_sentinel_ndvi_dag.py
[2025-06-10T20:38:06.831+0000] {processor.py:830} INFO - Processing file /opt/airflow/dags/process_sentinel_ndvi_dag.py for tasks to queue
[2025-06-10T20:38:06.832+0000] {logging_mixin.py:188} INFO - [2025-06-10T20:38:06.832+0000] {dagbag.py:540} INFO - Filling up the DagBag from /opt/airflow/dags/process_sentinel_ndvi_dag.py
[2025-06-10T20:38:06.837+0000] {processor.py:840} INFO - DAG(s) 'sentinel_ndvi_processing_pipeline' retrieved from /opt/airflow/dags/process_sentinel_ndvi_dag.py
[2025-06-10T20:38:06.850+0000] {logging_mixin.py:188} INFO - [2025-06-10T20:38:06.850+0000] {dag.py:3047} INFO - Sync 1 DAGs
[2025-06-10T20:38:06.856+0000] {logging_mixin.py:188} INFO - [2025-06-10T20:38:06.856+0000] {dag.py:3834} INFO - Setting next_dagrun for sentinel_ndvi_processing_pipeline to None, run_after=None
[2025-06-10T20:38:06.871+0000] {processor.py:183} INFO - Processing /opt/airflow/dags/process_sentinel_ndvi_dag.py took 0.042 seconds
[2025-06-10T20:38:07.863+0000] {processor.py:161} INFO - Started process (PID=118) to work on /opt/airflow/dags/process_sentinel_ndvi_dag.py
[2025-06-10T20:38:07.864+0000] {processor.py:830} INFO - Processing file /opt/airflow/dags/process_sentinel_ndvi_dag.py for tasks to queue
[2025-06-10T20:38:07.865+0000] {logging_mixin.py:188} INFO - [2025-06-10T20:38:07.865+0000] {dagbag.py:540} INFO - Filling up the DagBag from /opt/airflow/dags/process_sentinel_ndvi_dag.py
[2025-06-10T20:38:07.871+0000] {processor.py:840} INFO - DAG(s) 'sentinel_ndvi_processing_pipeline' retrieved from /opt/airflow/dags/process_sentinel_ndvi_dag.py
[2025-06-10T20:38:07.884+0000] {logging_mixin.py:188} INFO - [2025-06-10T20:38:07.884+0000] {dag.py:3047} INFO - Sync 1 DAGs
[2025-06-10T20:38:07.890+0000] {logging_mixin.py:188} INFO - [2025-06-10T20:38:07.890+0000] {dag.py:3834} INFO - Setting next_dagrun for sentinel_ndvi_processing_pipeline to None, run_after=None
[2025-06-10T20:38:07.905+0000] {processor.py:183} INFO - Processing /opt/airflow/dags/process_sentinel_ndvi_dag.py took 0.043 seconds
[2025-06-10T20:38:37.955+0000] {processor.py:161} INFO - Started process (PID=125) to work on /opt/airflow/dags/process_sentinel_ndvi_dag.py
[2025-06-10T20:38:37.956+0000] {processor.py:830} INFO - Processing file /opt/airflow/dags/process_sentinel_ndvi_dag.py for tasks to queue
[2025-06-10T20:38:37.956+0000] {logging_mixin.py:188} INFO - [2025-06-10T20:38:37.956+0000] {dagbag.py:540} INFO - Filling up the DagBag from /opt/airflow/dags/process_sentinel_ndvi_dag.py
[2025-06-10T20:38:37.961+0000] {processor.py:840} INFO - DAG(s) 'sentinel_ndvi_processing_pipeline' retrieved from /opt/airflow/dags/process_sentinel_ndvi_dag.py
[2025-06-10T20:38:37.974+0000] {logging_mixin.py:188} INFO - [2025-06-10T20:38:37.973+0000] {dag.py:3047} INFO - Sync 1 DAGs
[2025-06-10T20:38:37.981+0000] {logging_mixin.py:188} INFO - [2025-06-10T20:38:37.981+0000] {dag.py:3834} INFO - Setting next_dagrun for sentinel_ndvi_processing_pipeline to None, run_after=None
[2025-06-10T20:38:37.995+0000] {processor.py:183} INFO - Processing /opt/airflow/dags/process_sentinel_ndvi_dag.py took 0.042 seconds
[2025-06-10T20:39:08.038+0000] {processor.py:161} INFO - Started process (PID=132) to work on /opt/airflow/dags/process_sentinel_ndvi_dag.py
[2025-06-10T20:39:08.038+0000] {processor.py:830} INFO - Processing file /opt/airflow/dags/process_sentinel_ndvi_dag.py for tasks to queue
[2025-06-10T20:39:08.039+0000] {logging_mixin.py:188} INFO - [2025-06-10T20:39:08.039+0000] {dagbag.py:540} INFO - Filling up the DagBag from /opt/airflow/dags/process_sentinel_ndvi_dag.py
[2025-06-10T20:39:08.044+0000] {processor.py:840} INFO - DAG(s) 'sentinel_ndvi_processing_pipeline' retrieved from /opt/airflow/dags/process_sentinel_ndvi_dag.py
[2025-06-10T20:39:08.057+0000] {logging_mixin.py:188} INFO - [2025-06-10T20:39:08.057+0000] {dag.py:3047} INFO - Sync 1 DAGs
[2025-06-10T20:39:08.064+0000] {logging_mixin.py:188} INFO - [2025-06-10T20:39:08.064+0000] {dag.py:3834} INFO - Setting next_dagrun for sentinel_ndvi_processing_pipeline to None, run_after=None
[2025-06-10T20:39:08.079+0000] {processor.py:183} INFO - Processing /opt/airflow/dags/process_sentinel_ndvi_dag.py took 0.043 seconds
[2025-06-10T20:39:54.656+0000] {processor.py:161} INFO - Started process (PID=37) to work on /opt/airflow/dags/process_sentinel_ndvi_dag.py
[2025-06-10T20:39:55.014+0000] {processor.py:830} INFO - Processing file /opt/airflow/dags/process_sentinel_ndvi_dag.py for tasks to queue
[2025-06-10T20:39:55.015+0000] {logging_mixin.py:188} INFO - [2025-06-10T20:39:55.015+0000] {dagbag.py:540} INFO - Filling up the DagBag from /opt/airflow/dags/process_sentinel_ndvi_dag.py
[2025-06-10T20:39:55.029+0000] {processor.py:840} INFO - DAG(s) 'sentinel_ndvi_processing_pipeline' retrieved from /opt/airflow/dags/process_sentinel_ndvi_dag.py
[2025-06-10T20:39:55.040+0000] {logging_mixin.py:188} INFO - [2025-06-10T20:39:55.040+0000] {dag.py:3047} INFO - Sync 1 DAGs
[2025-06-10T20:39:55.047+0000] {logging_mixin.py:188} INFO - [2025-06-10T20:39:55.046+0000] {dag.py:3834} INFO - Setting next_dagrun for sentinel_ndvi_processing_pipeline to None, run_after=None
[2025-06-10T20:39:55.058+0000] {processor.py:183} INFO - Processing /opt/airflow/dags/process_sentinel_ndvi_dag.py took 0.404 seconds
[2025-06-10T20:40:25.137+0000] {processor.py:161} INFO - Started process (PID=44) to work on /opt/airflow/dags/process_sentinel_ndvi_dag.py
[2025-06-10T20:40:25.143+0000] {processor.py:830} INFO - Processing file /opt/airflow/dags/process_sentinel_ndvi_dag.py for tasks to queue
[2025-06-10T20:40:25.144+0000] {logging_mixin.py:188} INFO - [2025-06-10T20:40:25.144+0000] {dagbag.py:540} INFO - Filling up the DagBag from /opt/airflow/dags/process_sentinel_ndvi_dag.py
[2025-06-10T20:40:25.150+0000] {processor.py:840} INFO - DAG(s) 'sentinel_ndvi_processing_pipeline' retrieved from /opt/airflow/dags/process_sentinel_ndvi_dag.py
[2025-06-10T20:40:25.305+0000] {logging_mixin.py:188} INFO - [2025-06-10T20:40:25.305+0000] {dag.py:3047} INFO - Sync 1 DAGs
[2025-06-10T20:40:25.311+0000] {logging_mixin.py:188} INFO - [2025-06-10T20:40:25.311+0000] {dag.py:3834} INFO - Setting next_dagrun for sentinel_ndvi_processing_pipeline to None, run_after=None
[2025-06-10T20:40:25.320+0000] {processor.py:183} INFO - Processing /opt/airflow/dags/process_sentinel_ndvi_dag.py took 0.185 seconds
[2025-06-10T20:40:55.391+0000] {processor.py:161} INFO - Started process (PID=51) to work on /opt/airflow/dags/process_sentinel_ndvi_dag.py
[2025-06-10T20:40:55.391+0000] {processor.py:830} INFO - Processing file /opt/airflow/dags/process_sentinel_ndvi_dag.py for tasks to queue
[2025-06-10T20:40:55.392+0000] {logging_mixin.py:188} INFO - [2025-06-10T20:40:55.392+0000] {dagbag.py:540} INFO - Filling up the DagBag from /opt/airflow/dags/process_sentinel_ndvi_dag.py
[2025-06-10T20:40:55.398+0000] {processor.py:840} INFO - DAG(s) 'sentinel_ndvi_processing_pipeline' retrieved from /opt/airflow/dags/process_sentinel_ndvi_dag.py
[2025-06-10T20:40:55.414+0000] {logging_mixin.py:188} INFO - [2025-06-10T20:40:55.414+0000] {dag.py:3047} INFO - Sync 1 DAGs
[2025-06-10T20:40:55.421+0000] {logging_mixin.py:188} INFO - [2025-06-10T20:40:55.420+0000] {dag.py:3834} INFO - Setting next_dagrun for sentinel_ndvi_processing_pipeline to None, run_after=None
[2025-06-10T20:40:55.438+0000] {processor.py:183} INFO - Processing /opt/airflow/dags/process_sentinel_ndvi_dag.py took 0.050 seconds
[2025-06-10T20:41:25.462+0000] {processor.py:161} INFO - Started process (PID=58) to work on /opt/airflow/dags/process_sentinel_ndvi_dag.py
[2025-06-10T20:41:25.462+0000] {processor.py:830} INFO - Processing file /opt/airflow/dags/process_sentinel_ndvi_dag.py for tasks to queue
[2025-06-10T20:41:25.463+0000] {logging_mixin.py:188} INFO - [2025-06-10T20:41:25.463+0000] {dagbag.py:540} INFO - Filling up the DagBag from /opt/airflow/dags/process_sentinel_ndvi_dag.py
[2025-06-10T20:41:25.469+0000] {processor.py:840} INFO - DAG(s) 'sentinel_ndvi_processing_pipeline' retrieved from /opt/airflow/dags/process_sentinel_ndvi_dag.py
[2025-06-10T20:41:25.477+0000] {logging_mixin.py:188} INFO - [2025-06-10T20:41:25.477+0000] {dag.py:3047} INFO - Sync 1 DAGs
[2025-06-10T20:41:25.484+0000] {logging_mixin.py:188} INFO - [2025-06-10T20:41:25.484+0000] {dag.py:3834} INFO - Setting next_dagrun for sentinel_ndvi_processing_pipeline to None, run_after=None
[2025-06-10T20:41:25.499+0000] {processor.py:183} INFO - Processing /opt/airflow/dags/process_sentinel_ndvi_dag.py took 0.039 seconds
[2025-06-10T20:41:55.580+0000] {processor.py:161} INFO - Started process (PID=65) to work on /opt/airflow/dags/process_sentinel_ndvi_dag.py
[2025-06-10T20:41:55.582+0000] {processor.py:830} INFO - Processing file /opt/airflow/dags/process_sentinel_ndvi_dag.py for tasks to queue
[2025-06-10T20:41:55.583+0000] {logging_mixin.py:188} INFO - [2025-06-10T20:41:55.583+0000] {dagbag.py:540} INFO - Filling up the DagBag from /opt/airflow/dags/process_sentinel_ndvi_dag.py
[2025-06-10T20:41:55.588+0000] {processor.py:840} INFO - DAG(s) 'sentinel_ndvi_processing_pipeline' retrieved from /opt/airflow/dags/process_sentinel_ndvi_dag.py
[2025-06-10T20:41:55.642+0000] {logging_mixin.py:188} INFO - [2025-06-10T20:41:55.642+0000] {dag.py:3047} INFO - Sync 1 DAGs
[2025-06-10T20:41:55.647+0000] {logging_mixin.py:188} INFO - [2025-06-10T20:41:55.647+0000] {dag.py:3834} INFO - Setting next_dagrun for sentinel_ndvi_processing_pipeline to None, run_after=None
[2025-06-10T20:41:55.661+0000] {processor.py:183} INFO - Processing /opt/airflow/dags/process_sentinel_ndvi_dag.py took 0.082 seconds
[2025-06-10T20:42:25.724+0000] {processor.py:161} INFO - Started process (PID=72) to work on /opt/airflow/dags/process_sentinel_ndvi_dag.py
[2025-06-10T20:42:25.725+0000] {processor.py:830} INFO - Processing file /opt/airflow/dags/process_sentinel_ndvi_dag.py for tasks to queue
[2025-06-10T20:42:25.726+0000] {logging_mixin.py:188} INFO - [2025-06-10T20:42:25.726+0000] {dagbag.py:540} INFO - Filling up the DagBag from /opt/airflow/dags/process_sentinel_ndvi_dag.py
[2025-06-10T20:42:25.731+0000] {processor.py:840} INFO - DAG(s) 'sentinel_ndvi_processing_pipeline' retrieved from /opt/airflow/dags/process_sentinel_ndvi_dag.py
[2025-06-10T20:42:25.747+0000] {logging_mixin.py:188} INFO - [2025-06-10T20:42:25.747+0000] {dag.py:3047} INFO - Sync 1 DAGs
[2025-06-10T20:42:25.753+0000] {logging_mixin.py:188} INFO - [2025-06-10T20:42:25.753+0000] {dag.py:3834} INFO - Setting next_dagrun for sentinel_ndvi_processing_pipeline to None, run_after=None
[2025-06-10T20:42:25.768+0000] {processor.py:183} INFO - Processing /opt/airflow/dags/process_sentinel_ndvi_dag.py took 0.045 seconds
[2025-06-10T20:42:55.791+0000] {processor.py:161} INFO - Started process (PID=79) to work on /opt/airflow/dags/process_sentinel_ndvi_dag.py
[2025-06-10T20:42:55.793+0000] {processor.py:830} INFO - Processing file /opt/airflow/dags/process_sentinel_ndvi_dag.py for tasks to queue
[2025-06-10T20:42:55.794+0000] {logging_mixin.py:188} INFO - [2025-06-10T20:42:55.794+0000] {dagbag.py:540} INFO - Filling up the DagBag from /opt/airflow/dags/process_sentinel_ndvi_dag.py
[2025-06-10T20:42:55.799+0000] {processor.py:840} INFO - DAG(s) 'sentinel_ndvi_processing_pipeline' retrieved from /opt/airflow/dags/process_sentinel_ndvi_dag.py
[2025-06-10T20:42:55.812+0000] {logging_mixin.py:188} INFO - [2025-06-10T20:42:55.811+0000] {dag.py:3047} INFO - Sync 1 DAGs
[2025-06-10T20:42:55.819+0000] {logging_mixin.py:188} INFO - [2025-06-10T20:42:55.819+0000] {dag.py:3834} INFO - Setting next_dagrun for sentinel_ndvi_processing_pipeline to None, run_after=None
[2025-06-10T20:42:55.834+0000] {processor.py:183} INFO - Processing /opt/airflow/dags/process_sentinel_ndvi_dag.py took 0.044 seconds
[2025-06-10T20:43:25.911+0000] {processor.py:161} INFO - Started process (PID=86) to work on /opt/airflow/dags/process_sentinel_ndvi_dag.py
[2025-06-10T20:43:25.911+0000] {processor.py:830} INFO - Processing file /opt/airflow/dags/process_sentinel_ndvi_dag.py for tasks to queue
[2025-06-10T20:43:25.912+0000] {logging_mixin.py:188} INFO - [2025-06-10T20:43:25.912+0000] {dagbag.py:540} INFO - Filling up the DagBag from /opt/airflow/dags/process_sentinel_ndvi_dag.py
[2025-06-10T20:43:25.916+0000] {processor.py:840} INFO - DAG(s) 'sentinel_ndvi_processing_pipeline' retrieved from /opt/airflow/dags/process_sentinel_ndvi_dag.py
[2025-06-10T20:43:25.930+0000] {logging_mixin.py:188} INFO - [2025-06-10T20:43:25.930+0000] {dag.py:3047} INFO - Sync 1 DAGs
[2025-06-10T20:43:25.936+0000] {logging_mixin.py:188} INFO - [2025-06-10T20:43:25.936+0000] {dag.py:3834} INFO - Setting next_dagrun for sentinel_ndvi_processing_pipeline to None, run_after=None
[2025-06-10T20:43:25.950+0000] {processor.py:183} INFO - Processing /opt/airflow/dags/process_sentinel_ndvi_dag.py took 0.041 seconds
[2025-06-10T20:43:55.989+0000] {processor.py:161} INFO - Started process (PID=93) to work on /opt/airflow/dags/process_sentinel_ndvi_dag.py
[2025-06-10T20:43:55.989+0000] {processor.py:830} INFO - Processing file /opt/airflow/dags/process_sentinel_ndvi_dag.py for tasks to queue
[2025-06-10T20:43:55.990+0000] {logging_mixin.py:188} INFO - [2025-06-10T20:43:55.990+0000] {dagbag.py:540} INFO - Filling up the DagBag from /opt/airflow/dags/process_sentinel_ndvi_dag.py
[2025-06-10T20:43:55.995+0000] {processor.py:840} INFO - DAG(s) 'sentinel_ndvi_processing_pipeline' retrieved from /opt/airflow/dags/process_sentinel_ndvi_dag.py
[2025-06-10T20:43:56.008+0000] {logging_mixin.py:188} INFO - [2025-06-10T20:43:56.008+0000] {dag.py:3047} INFO - Sync 1 DAGs
[2025-06-10T20:43:56.014+0000] {logging_mixin.py:188} INFO - [2025-06-10T20:43:56.014+0000] {dag.py:3834} INFO - Setting next_dagrun for sentinel_ndvi_processing_pipeline to None, run_after=None
[2025-06-10T20:43:56.026+0000] {processor.py:183} INFO - Processing /opt/airflow/dags/process_sentinel_ndvi_dag.py took 0.039 seconds
[2025-06-10T20:44:00.029+0000] {processor.py:161} INFO - Started process (PID=94) to work on /opt/airflow/dags/process_sentinel_ndvi_dag.py
[2025-06-10T20:44:00.030+0000] {processor.py:830} INFO - Processing file /opt/airflow/dags/process_sentinel_ndvi_dag.py for tasks to queue
[2025-06-10T20:44:00.031+0000] {logging_mixin.py:188} INFO - [2025-06-10T20:44:00.031+0000] {dagbag.py:540} INFO - Filling up the DagBag from /opt/airflow/dags/process_sentinel_ndvi_dag.py
[2025-06-10T20:44:00.036+0000] {processor.py:840} INFO - DAG(s) 'sentinel_ndvi_processing_pipeline' retrieved from /opt/airflow/dags/process_sentinel_ndvi_dag.py
[2025-06-10T20:44:00.051+0000] {logging_mixin.py:188} INFO - [2025-06-10T20:44:00.051+0000] {dag.py:3047} INFO - Sync 1 DAGs
[2025-06-10T20:44:00.058+0000] {logging_mixin.py:188} INFO - [2025-06-10T20:44:00.057+0000] {dag.py:3834} INFO - Setting next_dagrun for sentinel_ndvi_processing_pipeline to None, run_after=None
[2025-06-10T20:44:00.073+0000] {processor.py:183} INFO - Processing /opt/airflow/dags/process_sentinel_ndvi_dag.py took 0.045 seconds
[2025-06-10T20:44:30.110+0000] {processor.py:161} INFO - Started process (PID=101) to work on /opt/airflow/dags/process_sentinel_ndvi_dag.py
[2025-06-10T20:44:30.111+0000] {processor.py:830} INFO - Processing file /opt/airflow/dags/process_sentinel_ndvi_dag.py for tasks to queue
[2025-06-10T20:44:30.111+0000] {logging_mixin.py:188} INFO - [2025-06-10T20:44:30.111+0000] {dagbag.py:540} INFO - Filling up the DagBag from /opt/airflow/dags/process_sentinel_ndvi_dag.py
[2025-06-10T20:44:30.116+0000] {processor.py:840} INFO - DAG(s) 'sentinel_ndvi_processing_pipeline' retrieved from /opt/airflow/dags/process_sentinel_ndvi_dag.py
[2025-06-10T20:44:30.131+0000] {logging_mixin.py:188} INFO - [2025-06-10T20:44:30.131+0000] {dag.py:3047} INFO - Sync 1 DAGs
[2025-06-10T20:44:30.137+0000] {logging_mixin.py:188} INFO - [2025-06-10T20:44:30.137+0000] {dag.py:3834} INFO - Setting next_dagrun for sentinel_ndvi_processing_pipeline to None, run_after=None
[2025-06-10T20:44:30.152+0000] {processor.py:183} INFO - Processing /opt/airflow/dags/process_sentinel_ndvi_dag.py took 0.044 seconds
[2025-06-10T20:45:00.208+0000] {processor.py:161} INFO - Started process (PID=108) to work on /opt/airflow/dags/process_sentinel_ndvi_dag.py
[2025-06-10T20:45:00.209+0000] {processor.py:830} INFO - Processing file /opt/airflow/dags/process_sentinel_ndvi_dag.py for tasks to queue
[2025-06-10T20:45:00.211+0000] {logging_mixin.py:188} INFO - [2025-06-10T20:45:00.210+0000] {dagbag.py:540} INFO - Filling up the DagBag from /opt/airflow/dags/process_sentinel_ndvi_dag.py
[2025-06-10T20:45:00.216+0000] {processor.py:840} INFO - DAG(s) 'sentinel_ndvi_processing_pipeline' retrieved from /opt/airflow/dags/process_sentinel_ndvi_dag.py
[2025-06-10T20:45:00.228+0000] {logging_mixin.py:188} INFO - [2025-06-10T20:45:00.228+0000] {dag.py:3047} INFO - Sync 1 DAGs
[2025-06-10T20:45:00.235+0000] {logging_mixin.py:188} INFO - [2025-06-10T20:45:00.235+0000] {dag.py:3834} INFO - Setting next_dagrun for sentinel_ndvi_processing_pipeline to None, run_after=None
[2025-06-10T20:45:00.250+0000] {processor.py:183} INFO - Processing /opt/airflow/dags/process_sentinel_ndvi_dag.py took 0.044 seconds
[2025-06-10T20:45:30.284+0000] {processor.py:161} INFO - Started process (PID=115) to work on /opt/airflow/dags/process_sentinel_ndvi_dag.py
[2025-06-10T20:45:30.284+0000] {processor.py:830} INFO - Processing file /opt/airflow/dags/process_sentinel_ndvi_dag.py for tasks to queue
[2025-06-10T20:45:30.285+0000] {logging_mixin.py:188} INFO - [2025-06-10T20:45:30.285+0000] {dagbag.py:540} INFO - Filling up the DagBag from /opt/airflow/dags/process_sentinel_ndvi_dag.py
[2025-06-10T20:45:30.291+0000] {processor.py:840} INFO - DAG(s) 'sentinel_ndvi_processing_pipeline' retrieved from /opt/airflow/dags/process_sentinel_ndvi_dag.py
[2025-06-10T20:45:30.308+0000] {logging_mixin.py:188} INFO - [2025-06-10T20:45:30.308+0000] {dag.py:3047} INFO - Sync 1 DAGs
[2025-06-10T20:45:30.314+0000] {logging_mixin.py:188} INFO - [2025-06-10T20:45:30.314+0000] {dag.py:3834} INFO - Setting next_dagrun for sentinel_ndvi_processing_pipeline to None, run_after=None
[2025-06-10T20:45:30.328+0000] {processor.py:183} INFO - Processing /opt/airflow/dags/process_sentinel_ndvi_dag.py took 0.047 seconds
[2025-06-10T20:46:00.383+0000] {processor.py:161} INFO - Started process (PID=122) to work on /opt/airflow/dags/process_sentinel_ndvi_dag.py
[2025-06-10T20:46:00.384+0000] {processor.py:830} INFO - Processing file /opt/airflow/dags/process_sentinel_ndvi_dag.py for tasks to queue
[2025-06-10T20:46:00.385+0000] {logging_mixin.py:188} INFO - [2025-06-10T20:46:00.385+0000] {dagbag.py:540} INFO - Filling up the DagBag from /opt/airflow/dags/process_sentinel_ndvi_dag.py
[2025-06-10T20:46:00.393+0000] {processor.py:840} INFO - DAG(s) 'sentinel_ndvi_processing_pipeline' retrieved from /opt/airflow/dags/process_sentinel_ndvi_dag.py
[2025-06-10T20:46:00.407+0000] {logging_mixin.py:188} INFO - [2025-06-10T20:46:00.407+0000] {dag.py:3047} INFO - Sync 1 DAGs
[2025-06-10T20:46:00.416+0000] {logging_mixin.py:188} INFO - [2025-06-10T20:46:00.416+0000] {dag.py:3834} INFO - Setting next_dagrun for sentinel_ndvi_processing_pipeline to None, run_after=None
[2025-06-10T20:46:00.433+0000] {processor.py:183} INFO - Processing /opt/airflow/dags/process_sentinel_ndvi_dag.py took 0.052 seconds
[2025-06-10T20:46:30.467+0000] {processor.py:161} INFO - Started process (PID=123) to work on /opt/airflow/dags/process_sentinel_ndvi_dag.py
[2025-06-10T20:46:30.467+0000] {processor.py:830} INFO - Processing file /opt/airflow/dags/process_sentinel_ndvi_dag.py for tasks to queue
[2025-06-10T20:46:30.468+0000] {logging_mixin.py:188} INFO - [2025-06-10T20:46:30.468+0000] {dagbag.py:540} INFO - Filling up the DagBag from /opt/airflow/dags/process_sentinel_ndvi_dag.py
[2025-06-10T20:46:30.473+0000] {processor.py:840} INFO - DAG(s) 'sentinel_ndvi_processing_pipeline' retrieved from /opt/airflow/dags/process_sentinel_ndvi_dag.py
[2025-06-10T20:46:30.488+0000] {logging_mixin.py:188} INFO - [2025-06-10T20:46:30.488+0000] {dag.py:3047} INFO - Sync 1 DAGs
[2025-06-10T20:46:30.494+0000] {logging_mixin.py:188} INFO - [2025-06-10T20:46:30.494+0000] {dag.py:3834} INFO - Setting next_dagrun for sentinel_ndvi_processing_pipeline to None, run_after=None
[2025-06-10T20:46:30.509+0000] {processor.py:183} INFO - Processing /opt/airflow/dags/process_sentinel_ndvi_dag.py took 0.044 seconds
[2025-06-10T20:47:00.562+0000] {processor.py:161} INFO - Started process (PID=130) to work on /opt/airflow/dags/process_sentinel_ndvi_dag.py
[2025-06-10T20:47:00.564+0000] {processor.py:830} INFO - Processing file /opt/airflow/dags/process_sentinel_ndvi_dag.py for tasks to queue
[2025-06-10T20:47:00.565+0000] {logging_mixin.py:188} INFO - [2025-06-10T20:47:00.565+0000] {dagbag.py:540} INFO - Filling up the DagBag from /opt/airflow/dags/process_sentinel_ndvi_dag.py
[2025-06-10T20:47:00.570+0000] {processor.py:840} INFO - DAG(s) 'sentinel_ndvi_processing_pipeline' retrieved from /opt/airflow/dags/process_sentinel_ndvi_dag.py
[2025-06-10T20:47:00.584+0000] {logging_mixin.py:188} INFO - [2025-06-10T20:47:00.584+0000] {dag.py:3047} INFO - Sync 1 DAGs
[2025-06-10T20:47:00.590+0000] {logging_mixin.py:188} INFO - [2025-06-10T20:47:00.590+0000] {dag.py:3834} INFO - Setting next_dagrun for sentinel_ndvi_processing_pipeline to None, run_after=None
[2025-06-10T20:47:00.604+0000] {processor.py:183} INFO - Processing /opt/airflow/dags/process_sentinel_ndvi_dag.py took 0.043 seconds
[2025-06-10T20:47:30.640+0000] {processor.py:161} INFO - Started process (PID=137) to work on /opt/airflow/dags/process_sentinel_ndvi_dag.py
[2025-06-10T20:47:30.640+0000] {processor.py:830} INFO - Processing file /opt/airflow/dags/process_sentinel_ndvi_dag.py for tasks to queue
[2025-06-10T20:47:30.641+0000] {logging_mixin.py:188} INFO - [2025-06-10T20:47:30.641+0000] {dagbag.py:540} INFO - Filling up the DagBag from /opt/airflow/dags/process_sentinel_ndvi_dag.py
[2025-06-10T20:47:30.646+0000] {processor.py:840} INFO - DAG(s) 'sentinel_ndvi_processing_pipeline' retrieved from /opt/airflow/dags/process_sentinel_ndvi_dag.py
[2025-06-10T20:47:30.662+0000] {logging_mixin.py:188} INFO - [2025-06-10T20:47:30.662+0000] {dag.py:3047} INFO - Sync 1 DAGs
[2025-06-10T20:47:30.668+0000] {logging_mixin.py:188} INFO - [2025-06-10T20:47:30.668+0000] {dag.py:3834} INFO - Setting next_dagrun for sentinel_ndvi_processing_pipeline to None, run_after=None
[2025-06-10T20:47:30.683+0000] {processor.py:183} INFO - Processing /opt/airflow/dags/process_sentinel_ndvi_dag.py took 0.045 seconds
[2025-06-10T20:48:00.736+0000] {processor.py:161} INFO - Started process (PID=144) to work on /opt/airflow/dags/process_sentinel_ndvi_dag.py
[2025-06-10T20:48:00.738+0000] {processor.py:830} INFO - Processing file /opt/airflow/dags/process_sentinel_ndvi_dag.py for tasks to queue
[2025-06-10T20:48:00.739+0000] {logging_mixin.py:188} INFO - [2025-06-10T20:48:00.739+0000] {dagbag.py:540} INFO - Filling up the DagBag from /opt/airflow/dags/process_sentinel_ndvi_dag.py
[2025-06-10T20:48:00.744+0000] {processor.py:840} INFO - DAG(s) 'sentinel_ndvi_processing_pipeline' retrieved from /opt/airflow/dags/process_sentinel_ndvi_dag.py
[2025-06-10T20:48:00.756+0000] {logging_mixin.py:188} INFO - [2025-06-10T20:48:00.756+0000] {dag.py:3047} INFO - Sync 1 DAGs
[2025-06-10T20:48:00.763+0000] {logging_mixin.py:188} INFO - [2025-06-10T20:48:00.763+0000] {dag.py:3834} INFO - Setting next_dagrun for sentinel_ndvi_processing_pipeline to None, run_after=None
[2025-06-10T20:48:00.779+0000] {processor.py:183} INFO - Processing /opt/airflow/dags/process_sentinel_ndvi_dag.py took 0.044 seconds
[2025-06-10T20:48:30.822+0000] {processor.py:161} INFO - Started process (PID=151) to work on /opt/airflow/dags/process_sentinel_ndvi_dag.py
[2025-06-10T20:48:30.822+0000] {processor.py:830} INFO - Processing file /opt/airflow/dags/process_sentinel_ndvi_dag.py for tasks to queue
[2025-06-10T20:48:30.823+0000] {logging_mixin.py:188} INFO - [2025-06-10T20:48:30.823+0000] {dagbag.py:540} INFO - Filling up the DagBag from /opt/airflow/dags/process_sentinel_ndvi_dag.py
[2025-06-10T20:48:30.828+0000] {processor.py:840} INFO - DAG(s) 'sentinel_ndvi_processing_pipeline' retrieved from /opt/airflow/dags/process_sentinel_ndvi_dag.py
[2025-06-10T20:48:30.842+0000] {logging_mixin.py:188} INFO - [2025-06-10T20:48:30.842+0000] {dag.py:3047} INFO - Sync 1 DAGs
[2025-06-10T20:48:30.849+0000] {logging_mixin.py:188} INFO - [2025-06-10T20:48:30.849+0000] {dag.py:3834} INFO - Setting next_dagrun for sentinel_ndvi_processing_pipeline to None, run_after=None
[2025-06-10T20:48:30.864+0000] {processor.py:183} INFO - Processing /opt/airflow/dags/process_sentinel_ndvi_dag.py took 0.045 seconds
[2025-06-10T20:49:00.915+0000] {processor.py:161} INFO - Started process (PID=158) to work on /opt/airflow/dags/process_sentinel_ndvi_dag.py
[2025-06-10T20:49:00.916+0000] {processor.py:830} INFO - Processing file /opt/airflow/dags/process_sentinel_ndvi_dag.py for tasks to queue
[2025-06-10T20:49:00.916+0000] {logging_mixin.py:188} INFO - [2025-06-10T20:49:00.916+0000] {dagbag.py:540} INFO - Filling up the DagBag from /opt/airflow/dags/process_sentinel_ndvi_dag.py
[2025-06-10T20:49:00.923+0000] {processor.py:840} INFO - DAG(s) 'sentinel_ndvi_processing_pipeline' retrieved from /opt/airflow/dags/process_sentinel_ndvi_dag.py
[2025-06-10T20:49:00.940+0000] {logging_mixin.py:188} INFO - [2025-06-10T20:49:00.940+0000] {dag.py:3047} INFO - Sync 1 DAGs
[2025-06-10T20:49:00.947+0000] {logging_mixin.py:188} INFO - [2025-06-10T20:49:00.946+0000] {dag.py:3834} INFO - Setting next_dagrun for sentinel_ndvi_processing_pipeline to None, run_after=None
[2025-06-10T20:49:00.956+0000] {processor.py:183} INFO - Processing /opt/airflow/dags/process_sentinel_ndvi_dag.py took 0.043 seconds
[2025-06-10T20:49:31.005+0000] {processor.py:161} INFO - Started process (PID=165) to work on /opt/airflow/dags/process_sentinel_ndvi_dag.py
[2025-06-10T20:49:31.006+0000] {processor.py:830} INFO - Processing file /opt/airflow/dags/process_sentinel_ndvi_dag.py for tasks to queue
[2025-06-10T20:49:31.007+0000] {logging_mixin.py:188} INFO - [2025-06-10T20:49:31.007+0000] {dagbag.py:540} INFO - Filling up the DagBag from /opt/airflow/dags/process_sentinel_ndvi_dag.py
[2025-06-10T20:49:31.012+0000] {processor.py:840} INFO - DAG(s) 'sentinel_ndvi_processing_pipeline' retrieved from /opt/airflow/dags/process_sentinel_ndvi_dag.py
[2025-06-10T20:49:31.027+0000] {logging_mixin.py:188} INFO - [2025-06-10T20:49:31.027+0000] {dag.py:3047} INFO - Sync 1 DAGs
[2025-06-10T20:49:31.033+0000] {logging_mixin.py:188} INFO - [2025-06-10T20:49:31.033+0000] {dag.py:3834} INFO - Setting next_dagrun for sentinel_ndvi_processing_pipeline to None, run_after=None
[2025-06-10T20:49:31.049+0000] {processor.py:183} INFO - Processing /opt/airflow/dags/process_sentinel_ndvi_dag.py took 0.046 seconds
[2025-06-10T20:50:01.092+0000] {processor.py:161} INFO - Started process (PID=172) to work on /opt/airflow/dags/process_sentinel_ndvi_dag.py
[2025-06-10T20:50:01.093+0000] {processor.py:830} INFO - Processing file /opt/airflow/dags/process_sentinel_ndvi_dag.py for tasks to queue
[2025-06-10T20:50:01.094+0000] {logging_mixin.py:188} INFO - [2025-06-10T20:50:01.093+0000] {dagbag.py:540} INFO - Filling up the DagBag from /opt/airflow/dags/process_sentinel_ndvi_dag.py
[2025-06-10T20:50:01.098+0000] {processor.py:840} INFO - DAG(s) 'sentinel_ndvi_processing_pipeline' retrieved from /opt/airflow/dags/process_sentinel_ndvi_dag.py
[2025-06-10T20:50:01.112+0000] {logging_mixin.py:188} INFO - [2025-06-10T20:50:01.112+0000] {dag.py:3047} INFO - Sync 1 DAGs
[2025-06-10T20:50:01.119+0000] {logging_mixin.py:188} INFO - [2025-06-10T20:50:01.119+0000] {dag.py:3834} INFO - Setting next_dagrun for sentinel_ndvi_processing_pipeline to None, run_after=None
[2025-06-10T20:50:01.135+0000] {processor.py:183} INFO - Processing /opt/airflow/dags/process_sentinel_ndvi_dag.py took 0.044 seconds
[2025-06-10T20:50:31.186+0000] {processor.py:161} INFO - Started process (PID=179) to work on /opt/airflow/dags/process_sentinel_ndvi_dag.py
[2025-06-10T20:50:31.186+0000] {processor.py:830} INFO - Processing file /opt/airflow/dags/process_sentinel_ndvi_dag.py for tasks to queue
[2025-06-10T20:50:31.187+0000] {logging_mixin.py:188} INFO - [2025-06-10T20:50:31.187+0000] {dagbag.py:540} INFO - Filling up the DagBag from /opt/airflow/dags/process_sentinel_ndvi_dag.py
[2025-06-10T20:50:31.192+0000] {processor.py:840} INFO - DAG(s) 'sentinel_ndvi_processing_pipeline' retrieved from /opt/airflow/dags/process_sentinel_ndvi_dag.py
[2025-06-10T20:50:31.206+0000] {logging_mixin.py:188} INFO - [2025-06-10T20:50:31.206+0000] {dag.py:3047} INFO - Sync 1 DAGs
[2025-06-10T20:50:31.213+0000] {logging_mixin.py:188} INFO - [2025-06-10T20:50:31.213+0000] {dag.py:3834} INFO - Setting next_dagrun for sentinel_ndvi_processing_pipeline to None, run_after=None
[2025-06-10T20:50:31.229+0000] {processor.py:183} INFO - Processing /opt/airflow/dags/process_sentinel_ndvi_dag.py took 0.046 seconds
[2025-06-10T20:51:01.272+0000] {processor.py:161} INFO - Started process (PID=186) to work on /opt/airflow/dags/process_sentinel_ndvi_dag.py
[2025-06-10T20:51:01.655+0000] {processor.py:830} INFO - Processing file /opt/airflow/dags/process_sentinel_ndvi_dag.py for tasks to queue
[2025-06-10T20:51:01.656+0000] {logging_mixin.py:188} INFO - [2025-06-10T20:51:01.656+0000] {dagbag.py:540} INFO - Filling up the DagBag from /opt/airflow/dags/process_sentinel_ndvi_dag.py
[2025-06-10T20:51:01.661+0000] {processor.py:840} INFO - DAG(s) 'sentinel_ndvi_processing_pipeline' retrieved from /opt/airflow/dags/process_sentinel_ndvi_dag.py
[2025-06-10T20:51:01.675+0000] {logging_mixin.py:188} INFO - [2025-06-10T20:51:01.675+0000] {dag.py:3047} INFO - Sync 1 DAGs
[2025-06-10T20:51:01.681+0000] {logging_mixin.py:188} INFO - [2025-06-10T20:51:01.681+0000] {dag.py:3834} INFO - Setting next_dagrun for sentinel_ndvi_processing_pipeline to None, run_after=None
[2025-06-10T20:51:01.696+0000] {processor.py:183} INFO - Processing /opt/airflow/dags/process_sentinel_ndvi_dag.py took 0.426 seconds
[2025-06-10T20:51:31.766+0000] {processor.py:161} INFO - Started process (PID=193) to work on /opt/airflow/dags/process_sentinel_ndvi_dag.py
[2025-06-10T20:51:31.768+0000] {processor.py:830} INFO - Processing file /opt/airflow/dags/process_sentinel_ndvi_dag.py for tasks to queue
[2025-06-10T20:51:31.769+0000] {logging_mixin.py:188} INFO - [2025-06-10T20:51:31.769+0000] {dagbag.py:540} INFO - Filling up the DagBag from /opt/airflow/dags/process_sentinel_ndvi_dag.py
[2025-06-10T20:51:31.774+0000] {processor.py:840} INFO - DAG(s) 'sentinel_ndvi_processing_pipeline' retrieved from /opt/airflow/dags/process_sentinel_ndvi_dag.py
[2025-06-10T20:51:31.788+0000] {logging_mixin.py:188} INFO - [2025-06-10T20:51:31.788+0000] {dag.py:3047} INFO - Sync 1 DAGs
[2025-06-10T20:51:31.794+0000] {logging_mixin.py:188} INFO - [2025-06-10T20:51:31.794+0000] {dag.py:3834} INFO - Setting next_dagrun for sentinel_ndvi_processing_pipeline to None, run_after=None
[2025-06-10T20:51:31.802+0000] {processor.py:183} INFO - Processing /opt/airflow/dags/process_sentinel_ndvi_dag.py took 0.038 seconds
[2025-06-10T20:52:01.837+0000] {processor.py:161} INFO - Started process (PID=200) to work on /opt/airflow/dags/process_sentinel_ndvi_dag.py
[2025-06-10T20:52:01.838+0000] {processor.py:830} INFO - Processing file /opt/airflow/dags/process_sentinel_ndvi_dag.py for tasks to queue
[2025-06-10T20:52:01.838+0000] {logging_mixin.py:188} INFO - [2025-06-10T20:52:01.838+0000] {dagbag.py:540} INFO - Filling up the DagBag from /opt/airflow/dags/process_sentinel_ndvi_dag.py
[2025-06-10T20:52:01.843+0000] {processor.py:840} INFO - DAG(s) 'sentinel_ndvi_processing_pipeline' retrieved from /opt/airflow/dags/process_sentinel_ndvi_dag.py
[2025-06-10T20:52:01.859+0000] {logging_mixin.py:188} INFO - [2025-06-10T20:52:01.859+0000] {dag.py:3047} INFO - Sync 1 DAGs
[2025-06-10T20:52:01.865+0000] {logging_mixin.py:188} INFO - [2025-06-10T20:52:01.865+0000] {dag.py:3834} INFO - Setting next_dagrun for sentinel_ndvi_processing_pipeline to None, run_after=None
[2025-06-10T20:52:01.873+0000] {processor.py:183} INFO - Processing /opt/airflow/dags/process_sentinel_ndvi_dag.py took 0.038 seconds
[2025-06-10T20:52:31.944+0000] {processor.py:161} INFO - Started process (PID=207) to work on /opt/airflow/dags/process_sentinel_ndvi_dag.py
[2025-06-10T20:52:31.946+0000] {processor.py:830} INFO - Processing file /opt/airflow/dags/process_sentinel_ndvi_dag.py for tasks to queue
[2025-06-10T20:52:31.947+0000] {logging_mixin.py:188} INFO - [2025-06-10T20:52:31.946+0000] {dagbag.py:540} INFO - Filling up the DagBag from /opt/airflow/dags/process_sentinel_ndvi_dag.py
[2025-06-10T20:52:31.951+0000] {processor.py:840} INFO - DAG(s) 'sentinel_ndvi_processing_pipeline' retrieved from /opt/airflow/dags/process_sentinel_ndvi_dag.py
[2025-06-10T20:52:31.964+0000] {logging_mixin.py:188} INFO - [2025-06-10T20:52:31.964+0000] {dag.py:3047} INFO - Sync 1 DAGs
[2025-06-10T20:52:31.970+0000] {logging_mixin.py:188} INFO - [2025-06-10T20:52:31.970+0000] {dag.py:3834} INFO - Setting next_dagrun for sentinel_ndvi_processing_pipeline to None, run_after=None
[2025-06-10T20:52:31.986+0000] {processor.py:183} INFO - Processing /opt/airflow/dags/process_sentinel_ndvi_dag.py took 0.043 seconds
[2025-06-10T20:53:02.012+0000] {processor.py:161} INFO - Started process (PID=214) to work on /opt/airflow/dags/process_sentinel_ndvi_dag.py
[2025-06-10T20:53:02.012+0000] {processor.py:830} INFO - Processing file /opt/airflow/dags/process_sentinel_ndvi_dag.py for tasks to queue
[2025-06-10T20:53:02.013+0000] {logging_mixin.py:188} INFO - [2025-06-10T20:53:02.013+0000] {dagbag.py:540} INFO - Filling up the DagBag from /opt/airflow/dags/process_sentinel_ndvi_dag.py
[2025-06-10T20:53:02.018+0000] {processor.py:840} INFO - DAG(s) 'sentinel_ndvi_processing_pipeline' retrieved from /opt/airflow/dags/process_sentinel_ndvi_dag.py
[2025-06-10T20:53:02.030+0000] {logging_mixin.py:188} INFO - [2025-06-10T20:53:02.030+0000] {dag.py:3047} INFO - Sync 1 DAGs
[2025-06-10T20:53:02.037+0000] {logging_mixin.py:188} INFO - [2025-06-10T20:53:02.037+0000] {dag.py:3834} INFO - Setting next_dagrun for sentinel_ndvi_processing_pipeline to None, run_after=None
[2025-06-10T20:53:02.052+0000] {processor.py:183} INFO - Processing /opt/airflow/dags/process_sentinel_ndvi_dag.py took 0.042 seconds
[2025-06-10T20:53:32.123+0000] {processor.py:161} INFO - Started process (PID=221) to work on /opt/airflow/dags/process_sentinel_ndvi_dag.py
[2025-06-10T20:53:32.123+0000] {processor.py:830} INFO - Processing file /opt/airflow/dags/process_sentinel_ndvi_dag.py for tasks to queue
[2025-06-10T20:53:32.124+0000] {logging_mixin.py:188} INFO - [2025-06-10T20:53:32.124+0000] {dagbag.py:540} INFO - Filling up the DagBag from /opt/airflow/dags/process_sentinel_ndvi_dag.py
[2025-06-10T20:53:32.129+0000] {processor.py:840} INFO - DAG(s) 'sentinel_ndvi_processing_pipeline' retrieved from /opt/airflow/dags/process_sentinel_ndvi_dag.py
[2025-06-10T20:53:32.147+0000] {logging_mixin.py:188} INFO - [2025-06-10T20:53:32.147+0000] {dag.py:3047} INFO - Sync 1 DAGs
[2025-06-10T20:53:32.153+0000] {logging_mixin.py:188} INFO - [2025-06-10T20:53:32.153+0000] {dag.py:3834} INFO - Setting next_dagrun for sentinel_ndvi_processing_pipeline to None, run_after=None
[2025-06-10T20:53:32.171+0000] {processor.py:183} INFO - Processing /opt/airflow/dags/process_sentinel_ndvi_dag.py took 0.050 seconds
[2025-06-10T20:54:02.194+0000] {processor.py:161} INFO - Started process (PID=228) to work on /opt/airflow/dags/process_sentinel_ndvi_dag.py
[2025-06-10T20:54:02.195+0000] {processor.py:830} INFO - Processing file /opt/airflow/dags/process_sentinel_ndvi_dag.py for tasks to queue
[2025-06-10T20:54:02.196+0000] {logging_mixin.py:188} INFO - [2025-06-10T20:54:02.195+0000] {dagbag.py:540} INFO - Filling up the DagBag from /opt/airflow/dags/process_sentinel_ndvi_dag.py
[2025-06-10T20:54:02.200+0000] {processor.py:840} INFO - DAG(s) 'sentinel_ndvi_processing_pipeline' retrieved from /opt/airflow/dags/process_sentinel_ndvi_dag.py
[2025-06-10T20:54:02.213+0000] {logging_mixin.py:188} INFO - [2025-06-10T20:54:02.213+0000] {dag.py:3047} INFO - Sync 1 DAGs
[2025-06-10T20:54:02.220+0000] {logging_mixin.py:188} INFO - [2025-06-10T20:54:02.220+0000] {dag.py:3069} INFO - Creating ORM DAG for sentinel_ndvi_processing_pipeline
[2025-06-10T20:54:02.220+0000] {logging_mixin.py:188} INFO - [2025-06-10T20:54:02.220+0000] {dag.py:3834} INFO - Setting next_dagrun for sentinel_ndvi_processing_pipeline to None, run_after=None
[2025-06-10T20:54:02.237+0000] {processor.py:183} INFO - Processing /opt/airflow/dags/process_sentinel_ndvi_dag.py took 0.044 seconds
[2025-06-10T20:54:32.305+0000] {processor.py:161} INFO - Started process (PID=235) to work on /opt/airflow/dags/process_sentinel_ndvi_dag.py
[2025-06-10T20:54:32.324+0000] {processor.py:830} INFO - Processing file /opt/airflow/dags/process_sentinel_ndvi_dag.py for tasks to queue
[2025-06-10T20:54:32.325+0000] {logging_mixin.py:188} INFO - [2025-06-10T20:54:32.325+0000] {dagbag.py:540} INFO - Filling up the DagBag from /opt/airflow/dags/process_sentinel_ndvi_dag.py
[2025-06-10T20:54:32.330+0000] {processor.py:840} INFO - DAG(s) 'sentinel_ndvi_processing_pipeline' retrieved from /opt/airflow/dags/process_sentinel_ndvi_dag.py
[2025-06-10T20:54:32.343+0000] {logging_mixin.py:188} INFO - [2025-06-10T20:54:32.343+0000] {dag.py:3047} INFO - Sync 1 DAGs
[2025-06-10T20:54:32.350+0000] {logging_mixin.py:188} INFO - [2025-06-10T20:54:32.350+0000] {dag.py:3834} INFO - Setting next_dagrun for sentinel_ndvi_processing_pipeline to None, run_after=None
[2025-06-10T20:54:32.365+0000] {processor.py:183} INFO - Processing /opt/airflow/dags/process_sentinel_ndvi_dag.py took 0.062 seconds
[2025-06-10T20:55:02.382+0000] {processor.py:161} INFO - Started process (PID=242) to work on /opt/airflow/dags/process_sentinel_ndvi_dag.py
[2025-06-10T20:55:02.382+0000] {processor.py:830} INFO - Processing file /opt/airflow/dags/process_sentinel_ndvi_dag.py for tasks to queue
[2025-06-10T20:55:02.383+0000] {logging_mixin.py:188} INFO - [2025-06-10T20:55:02.383+0000] {dagbag.py:540} INFO - Filling up the DagBag from /opt/airflow/dags/process_sentinel_ndvi_dag.py
[2025-06-10T20:55:02.387+0000] {processor.py:840} INFO - DAG(s) 'sentinel_ndvi_processing_pipeline' retrieved from /opt/airflow/dags/process_sentinel_ndvi_dag.py
[2025-06-10T20:55:02.402+0000] {logging_mixin.py:188} INFO - [2025-06-10T20:55:02.402+0000] {dag.py:3047} INFO - Sync 1 DAGs
[2025-06-10T20:55:02.409+0000] {logging_mixin.py:188} INFO - [2025-06-10T20:55:02.408+0000] {dag.py:3834} INFO - Setting next_dagrun for sentinel_ndvi_processing_pipeline to None, run_after=None
[2025-06-10T20:55:02.424+0000] {processor.py:183} INFO - Processing /opt/airflow/dags/process_sentinel_ndvi_dag.py took 0.044 seconds
[2025-06-10T20:55:32.497+0000] {processor.py:161} INFO - Started process (PID=249) to work on /opt/airflow/dags/process_sentinel_ndvi_dag.py
[2025-06-10T20:55:32.497+0000] {processor.py:830} INFO - Processing file /opt/airflow/dags/process_sentinel_ndvi_dag.py for tasks to queue
[2025-06-10T20:55:32.498+0000] {logging_mixin.py:188} INFO - [2025-06-10T20:55:32.498+0000] {dagbag.py:540} INFO - Filling up the DagBag from /opt/airflow/dags/process_sentinel_ndvi_dag.py
[2025-06-10T20:55:32.503+0000] {processor.py:840} INFO - DAG(s) 'sentinel_ndvi_processing_pipeline' retrieved from /opt/airflow/dags/process_sentinel_ndvi_dag.py
[2025-06-10T20:55:32.518+0000] {logging_mixin.py:188} INFO - [2025-06-10T20:55:32.518+0000] {dag.py:3047} INFO - Sync 1 DAGs
[2025-06-10T20:55:32.524+0000] {logging_mixin.py:188} INFO - [2025-06-10T20:55:32.524+0000] {dag.py:3834} INFO - Setting next_dagrun for sentinel_ndvi_processing_pipeline to None, run_after=None
[2025-06-10T20:55:32.539+0000] {processor.py:183} INFO - Processing /opt/airflow/dags/process_sentinel_ndvi_dag.py took 0.044 seconds
[2025-06-10T20:56:02.569+0000] {processor.py:161} INFO - Started process (PID=256) to work on /opt/airflow/dags/process_sentinel_ndvi_dag.py
[2025-06-10T20:56:02.571+0000] {processor.py:830} INFO - Processing file /opt/airflow/dags/process_sentinel_ndvi_dag.py for tasks to queue
[2025-06-10T20:56:02.572+0000] {logging_mixin.py:188} INFO - [2025-06-10T20:56:02.572+0000] {dagbag.py:540} INFO - Filling up the DagBag from /opt/airflow/dags/process_sentinel_ndvi_dag.py
[2025-06-10T20:56:02.577+0000] {processor.py:840} INFO - DAG(s) 'sentinel_ndvi_processing_pipeline' retrieved from /opt/airflow/dags/process_sentinel_ndvi_dag.py
[2025-06-10T20:56:02.590+0000] {logging_mixin.py:188} INFO - [2025-06-10T20:56:02.590+0000] {dag.py:3047} INFO - Sync 1 DAGs
[2025-06-10T20:56:02.597+0000] {logging_mixin.py:188} INFO - [2025-06-10T20:56:02.596+0000] {dag.py:3834} INFO - Setting next_dagrun for sentinel_ndvi_processing_pipeline to None, run_after=None
[2025-06-10T20:56:02.614+0000] {processor.py:183} INFO - Processing /opt/airflow/dags/process_sentinel_ndvi_dag.py took 0.047 seconds
[2025-06-10T20:56:32.681+0000] {processor.py:161} INFO - Started process (PID=263) to work on /opt/airflow/dags/process_sentinel_ndvi_dag.py
[2025-06-10T20:56:32.681+0000] {processor.py:830} INFO - Processing file /opt/airflow/dags/process_sentinel_ndvi_dag.py for tasks to queue
[2025-06-10T20:56:32.682+0000] {logging_mixin.py:188} INFO - [2025-06-10T20:56:32.682+0000] {dagbag.py:540} INFO - Filling up the DagBag from /opt/airflow/dags/process_sentinel_ndvi_dag.py
[2025-06-10T20:56:32.687+0000] {processor.py:840} INFO - DAG(s) 'sentinel_ndvi_processing_pipeline' retrieved from /opt/airflow/dags/process_sentinel_ndvi_dag.py
[2025-06-10T20:56:32.701+0000] {logging_mixin.py:188} INFO - [2025-06-10T20:56:32.701+0000] {dag.py:3047} INFO - Sync 1 DAGs
[2025-06-10T20:56:32.708+0000] {logging_mixin.py:188} INFO - [2025-06-10T20:56:32.707+0000] {dag.py:3834} INFO - Setting next_dagrun for sentinel_ndvi_processing_pipeline to None, run_after=None
[2025-06-10T20:56:32.724+0000] {processor.py:183} INFO - Processing /opt/airflow/dags/process_sentinel_ndvi_dag.py took 0.045 seconds
[2025-06-10T20:57:02.751+0000] {processor.py:161} INFO - Started process (PID=270) to work on /opt/airflow/dags/process_sentinel_ndvi_dag.py
[2025-06-10T20:57:02.752+0000] {processor.py:830} INFO - Processing file /opt/airflow/dags/process_sentinel_ndvi_dag.py for tasks to queue
[2025-06-10T20:57:02.753+0000] {logging_mixin.py:188} INFO - [2025-06-10T20:57:02.753+0000] {dagbag.py:540} INFO - Filling up the DagBag from /opt/airflow/dags/process_sentinel_ndvi_dag.py
[2025-06-10T20:57:02.757+0000] {processor.py:840} INFO - DAG(s) 'sentinel_ndvi_processing_pipeline' retrieved from /opt/airflow/dags/process_sentinel_ndvi_dag.py
[2025-06-10T20:57:02.771+0000] {logging_mixin.py:188} INFO - [2025-06-10T20:57:02.770+0000] {dag.py:3047} INFO - Sync 1 DAGs
[2025-06-10T20:57:02.777+0000] {logging_mixin.py:188} INFO - [2025-06-10T20:57:02.777+0000] {dag.py:3834} INFO - Setting next_dagrun for sentinel_ndvi_processing_pipeline to None, run_after=None
[2025-06-10T20:57:02.786+0000] {processor.py:183} INFO - Processing /opt/airflow/dags/process_sentinel_ndvi_dag.py took 0.037 seconds
[2025-06-10T20:57:32.861+0000] {processor.py:161} INFO - Started process (PID=277) to work on /opt/airflow/dags/process_sentinel_ndvi_dag.py
[2025-06-10T20:57:32.861+0000] {processor.py:830} INFO - Processing file /opt/airflow/dags/process_sentinel_ndvi_dag.py for tasks to queue
[2025-06-10T20:57:32.862+0000] {logging_mixin.py:188} INFO - [2025-06-10T20:57:32.862+0000] {dagbag.py:540} INFO - Filling up the DagBag from /opt/airflow/dags/process_sentinel_ndvi_dag.py
[2025-06-10T20:57:32.867+0000] {processor.py:840} INFO - DAG(s) 'sentinel_ndvi_processing_pipeline' retrieved from /opt/airflow/dags/process_sentinel_ndvi_dag.py
[2025-06-10T20:57:32.883+0000] {logging_mixin.py:188} INFO - [2025-06-10T20:57:32.883+0000] {dag.py:3047} INFO - Sync 1 DAGs
[2025-06-10T20:57:32.889+0000] {logging_mixin.py:188} INFO - [2025-06-10T20:57:32.889+0000] {dag.py:3834} INFO - Setting next_dagrun for sentinel_ndvi_processing_pipeline to None, run_after=None
[2025-06-10T20:57:32.905+0000] {processor.py:183} INFO - Processing /opt/airflow/dags/process_sentinel_ndvi_dag.py took 0.046 seconds
[2025-06-10T20:58:02.942+0000] {processor.py:161} INFO - Started process (PID=284) to work on /opt/airflow/dags/process_sentinel_ndvi_dag.py
[2025-06-10T20:58:02.942+0000] {processor.py:830} INFO - Processing file /opt/airflow/dags/process_sentinel_ndvi_dag.py for tasks to queue
[2025-06-10T20:58:02.943+0000] {logging_mixin.py:188} INFO - [2025-06-10T20:58:02.943+0000] {dagbag.py:540} INFO - Filling up the DagBag from /opt/airflow/dags/process_sentinel_ndvi_dag.py
[2025-06-10T20:58:02.948+0000] {processor.py:840} INFO - DAG(s) 'sentinel_ndvi_processing_pipeline' retrieved from /opt/airflow/dags/process_sentinel_ndvi_dag.py
[2025-06-10T20:58:02.961+0000] {logging_mixin.py:188} INFO - [2025-06-10T20:58:02.961+0000] {dag.py:3047} INFO - Sync 1 DAGs
[2025-06-10T20:58:02.968+0000] {logging_mixin.py:188} INFO - [2025-06-10T20:58:02.968+0000] {dag.py:3834} INFO - Setting next_dagrun for sentinel_ndvi_processing_pipeline to None, run_after=None
[2025-06-10T20:58:02.979+0000] {processor.py:183} INFO - Processing /opt/airflow/dags/process_sentinel_ndvi_dag.py took 0.039 seconds
[2025-06-10T20:58:33.043+0000] {processor.py:161} INFO - Started process (PID=291) to work on /opt/airflow/dags/process_sentinel_ndvi_dag.py
[2025-06-10T20:58:33.044+0000] {processor.py:830} INFO - Processing file /opt/airflow/dags/process_sentinel_ndvi_dag.py for tasks to queue
[2025-06-10T20:58:33.045+0000] {logging_mixin.py:188} INFO - [2025-06-10T20:58:33.045+0000] {dagbag.py:540} INFO - Filling up the DagBag from /opt/airflow/dags/process_sentinel_ndvi_dag.py
[2025-06-10T20:58:33.049+0000] {processor.py:840} INFO - DAG(s) 'sentinel_ndvi_processing_pipeline' retrieved from /opt/airflow/dags/process_sentinel_ndvi_dag.py
[2025-06-10T20:58:33.063+0000] {logging_mixin.py:188} INFO - [2025-06-10T20:58:33.063+0000] {dag.py:3047} INFO - Sync 1 DAGs
[2025-06-10T20:58:33.070+0000] {logging_mixin.py:188} INFO - [2025-06-10T20:58:33.070+0000] {dag.py:3834} INFO - Setting next_dagrun for sentinel_ndvi_processing_pipeline to None, run_after=None
[2025-06-10T20:58:33.084+0000] {processor.py:183} INFO - Processing /opt/airflow/dags/process_sentinel_ndvi_dag.py took 0.042 seconds
[2025-06-10T20:59:03.111+0000] {processor.py:161} INFO - Started process (PID=298) to work on /opt/airflow/dags/process_sentinel_ndvi_dag.py
[2025-06-10T20:59:03.111+0000] {processor.py:830} INFO - Processing file /opt/airflow/dags/process_sentinel_ndvi_dag.py for tasks to queue
[2025-06-10T20:59:03.112+0000] {logging_mixin.py:188} INFO - [2025-06-10T20:59:03.112+0000] {dagbag.py:540} INFO - Filling up the DagBag from /opt/airflow/dags/process_sentinel_ndvi_dag.py
[2025-06-10T20:59:03.117+0000] {processor.py:840} INFO - DAG(s) 'sentinel_ndvi_processing_pipeline' retrieved from /opt/airflow/dags/process_sentinel_ndvi_dag.py
[2025-06-10T20:59:03.131+0000] {logging_mixin.py:188} INFO - [2025-06-10T20:59:03.131+0000] {dag.py:3047} INFO - Sync 1 DAGs
[2025-06-10T20:59:03.138+0000] {logging_mixin.py:188} INFO - [2025-06-10T20:59:03.138+0000] {dag.py:3834} INFO - Setting next_dagrun for sentinel_ndvi_processing_pipeline to None, run_after=None
[2025-06-10T20:59:03.155+0000] {processor.py:183} INFO - Processing /opt/airflow/dags/process_sentinel_ndvi_dag.py took 0.045 seconds
[2025-06-10T20:59:33.222+0000] {processor.py:161} INFO - Started process (PID=299) to work on /opt/airflow/dags/process_sentinel_ndvi_dag.py
[2025-06-10T20:59:33.224+0000] {processor.py:830} INFO - Processing file /opt/airflow/dags/process_sentinel_ndvi_dag.py for tasks to queue
[2025-06-10T20:59:33.225+0000] {logging_mixin.py:188} INFO - [2025-06-10T20:59:33.225+0000] {dagbag.py:540} INFO - Filling up the DagBag from /opt/airflow/dags/process_sentinel_ndvi_dag.py
[2025-06-10T20:59:33.230+0000] {processor.py:840} INFO - DAG(s) 'sentinel_ndvi_processing_pipeline' retrieved from /opt/airflow/dags/process_sentinel_ndvi_dag.py
[2025-06-10T20:59:33.246+0000] {logging_mixin.py:188} INFO - [2025-06-10T20:59:33.246+0000] {dag.py:3047} INFO - Sync 1 DAGs
[2025-06-10T20:59:33.254+0000] {logging_mixin.py:188} INFO - [2025-06-10T20:59:33.253+0000] {dag.py:3834} INFO - Setting next_dagrun for sentinel_ndvi_processing_pipeline to None, run_after=None
[2025-06-10T20:59:33.270+0000] {processor.py:183} INFO - Processing /opt/airflow/dags/process_sentinel_ndvi_dag.py took 0.050 seconds
[2025-06-10T21:00:03.297+0000] {processor.py:161} INFO - Started process (PID=306) to work on /opt/airflow/dags/process_sentinel_ndvi_dag.py
[2025-06-10T21:00:03.298+0000] {processor.py:830} INFO - Processing file /opt/airflow/dags/process_sentinel_ndvi_dag.py for tasks to queue
[2025-06-10T21:00:03.299+0000] {logging_mixin.py:188} INFO - [2025-06-10T21:00:03.298+0000] {dagbag.py:540} INFO - Filling up the DagBag from /opt/airflow/dags/process_sentinel_ndvi_dag.py
[2025-06-10T21:00:03.303+0000] {processor.py:840} INFO - DAG(s) 'sentinel_ndvi_processing_pipeline' retrieved from /opt/airflow/dags/process_sentinel_ndvi_dag.py
[2025-06-10T21:00:03.316+0000] {logging_mixin.py:188} INFO - [2025-06-10T21:00:03.316+0000] {dag.py:3047} INFO - Sync 1 DAGs
[2025-06-10T21:00:03.322+0000] {logging_mixin.py:188} INFO - [2025-06-10T21:00:03.322+0000] {dag.py:3834} INFO - Setting next_dagrun for sentinel_ndvi_processing_pipeline to None, run_after=None
[2025-06-10T21:00:03.337+0000] {processor.py:183} INFO - Processing /opt/airflow/dags/process_sentinel_ndvi_dag.py took 0.041 seconds
[2025-06-10T21:00:33.406+0000] {processor.py:161} INFO - Started process (PID=313) to work on /opt/airflow/dags/process_sentinel_ndvi_dag.py
[2025-06-10T21:00:33.408+0000] {processor.py:830} INFO - Processing file /opt/airflow/dags/process_sentinel_ndvi_dag.py for tasks to queue
[2025-06-10T21:00:33.409+0000] {logging_mixin.py:188} INFO - [2025-06-10T21:00:33.409+0000] {dagbag.py:540} INFO - Filling up the DagBag from /opt/airflow/dags/process_sentinel_ndvi_dag.py
[2025-06-10T21:00:33.413+0000] {processor.py:840} INFO - DAG(s) 'sentinel_ndvi_processing_pipeline' retrieved from /opt/airflow/dags/process_sentinel_ndvi_dag.py
[2025-06-10T21:00:33.432+0000] {logging_mixin.py:188} INFO - [2025-06-10T21:00:33.431+0000] {dag.py:3047} INFO - Sync 1 DAGs
[2025-06-10T21:00:33.438+0000] {logging_mixin.py:188} INFO - [2025-06-10T21:00:33.438+0000] {dag.py:3834} INFO - Setting next_dagrun for sentinel_ndvi_processing_pipeline to None, run_after=None
[2025-06-10T21:00:33.453+0000] {processor.py:183} INFO - Processing /opt/airflow/dags/process_sentinel_ndvi_dag.py took 0.048 seconds
[2025-06-10T21:01:03.477+0000] {processor.py:161} INFO - Started process (PID=320) to work on /opt/airflow/dags/process_sentinel_ndvi_dag.py
[2025-06-10T21:01:03.477+0000] {processor.py:830} INFO - Processing file /opt/airflow/dags/process_sentinel_ndvi_dag.py for tasks to queue
[2025-06-10T21:01:03.478+0000] {logging_mixin.py:188} INFO - [2025-06-10T21:01:03.478+0000] {dagbag.py:540} INFO - Filling up the DagBag from /opt/airflow/dags/process_sentinel_ndvi_dag.py
[2025-06-10T21:01:03.483+0000] {processor.py:840} INFO - DAG(s) 'sentinel_ndvi_processing_pipeline' retrieved from /opt/airflow/dags/process_sentinel_ndvi_dag.py
[2025-06-10T21:01:03.496+0000] {logging_mixin.py:188} INFO - [2025-06-10T21:01:03.496+0000] {dag.py:3047} INFO - Sync 1 DAGs
[2025-06-10T21:01:03.502+0000] {logging_mixin.py:188} INFO - [2025-06-10T21:01:03.502+0000] {dag.py:3834} INFO - Setting next_dagrun for sentinel_ndvi_processing_pipeline to None, run_after=None
[2025-06-10T21:01:03.516+0000] {processor.py:183} INFO - Processing /opt/airflow/dags/process_sentinel_ndvi_dag.py took 0.041 seconds
[2025-06-10T21:01:33.594+0000] {processor.py:161} INFO - Started process (PID=327) to work on /opt/airflow/dags/process_sentinel_ndvi_dag.py
[2025-06-10T21:01:33.594+0000] {processor.py:830} INFO - Processing file /opt/airflow/dags/process_sentinel_ndvi_dag.py for tasks to queue
[2025-06-10T21:01:33.595+0000] {logging_mixin.py:188} INFO - [2025-06-10T21:01:33.595+0000] {dagbag.py:540} INFO - Filling up the DagBag from /opt/airflow/dags/process_sentinel_ndvi_dag.py
[2025-06-10T21:01:33.600+0000] {processor.py:840} INFO - DAG(s) 'sentinel_ndvi_processing_pipeline' retrieved from /opt/airflow/dags/process_sentinel_ndvi_dag.py
[2025-06-10T21:01:33.613+0000] {logging_mixin.py:188} INFO - [2025-06-10T21:01:33.613+0000] {dag.py:3047} INFO - Sync 1 DAGs
[2025-06-10T21:01:33.619+0000] {logging_mixin.py:188} INFO - [2025-06-10T21:01:33.619+0000] {dag.py:3834} INFO - Setting next_dagrun for sentinel_ndvi_processing_pipeline to None, run_after=None
[2025-06-10T21:01:33.636+0000] {processor.py:183} INFO - Processing /opt/airflow/dags/process_sentinel_ndvi_dag.py took 0.044 seconds
[2025-06-10T21:02:03.671+0000] {processor.py:161} INFO - Started process (PID=334) to work on /opt/airflow/dags/process_sentinel_ndvi_dag.py
[2025-06-10T21:02:03.671+0000] {processor.py:830} INFO - Processing file /opt/airflow/dags/process_sentinel_ndvi_dag.py for tasks to queue
[2025-06-10T21:02:03.672+0000] {logging_mixin.py:188} INFO - [2025-06-10T21:02:03.672+0000] {dagbag.py:540} INFO - Filling up the DagBag from /opt/airflow/dags/process_sentinel_ndvi_dag.py
[2025-06-10T21:02:03.677+0000] {processor.py:840} INFO - DAG(s) 'sentinel_ndvi_processing_pipeline' retrieved from /opt/airflow/dags/process_sentinel_ndvi_dag.py
[2025-06-10T21:02:03.690+0000] {logging_mixin.py:188} INFO - [2025-06-10T21:02:03.690+0000] {dag.py:3047} INFO - Sync 1 DAGs
[2025-06-10T21:02:03.697+0000] {logging_mixin.py:188} INFO - [2025-06-10T21:02:03.697+0000] {dag.py:3834} INFO - Setting next_dagrun for sentinel_ndvi_processing_pipeline to None, run_after=None
[2025-06-10T21:02:03.713+0000] {processor.py:183} INFO - Processing /opt/airflow/dags/process_sentinel_ndvi_dag.py took 0.045 seconds
[2025-06-10T21:02:33.765+0000] {processor.py:161} INFO - Started process (PID=341) to work on /opt/airflow/dags/process_sentinel_ndvi_dag.py
[2025-06-10T21:02:33.766+0000] {processor.py:830} INFO - Processing file /opt/airflow/dags/process_sentinel_ndvi_dag.py for tasks to queue
[2025-06-10T21:02:33.767+0000] {logging_mixin.py:188} INFO - [2025-06-10T21:02:33.767+0000] {dagbag.py:540} INFO - Filling up the DagBag from /opt/airflow/dags/process_sentinel_ndvi_dag.py
[2025-06-10T21:02:33.772+0000] {processor.py:840} INFO - DAG(s) 'sentinel_ndvi_processing_pipeline' retrieved from /opt/airflow/dags/process_sentinel_ndvi_dag.py
[2025-06-10T21:02:33.786+0000] {logging_mixin.py:188} INFO - [2025-06-10T21:02:33.786+0000] {dag.py:3047} INFO - Sync 1 DAGs
[2025-06-10T21:02:33.793+0000] {logging_mixin.py:188} INFO - [2025-06-10T21:02:33.793+0000] {dag.py:3834} INFO - Setting next_dagrun for sentinel_ndvi_processing_pipeline to None, run_after=None
[2025-06-10T21:02:33.808+0000] {processor.py:183} INFO - Processing /opt/airflow/dags/process_sentinel_ndvi_dag.py took 0.045 seconds
[2025-06-10T21:03:03.839+0000] {processor.py:161} INFO - Started process (PID=348) to work on /opt/airflow/dags/process_sentinel_ndvi_dag.py
[2025-06-10T21:03:03.839+0000] {processor.py:830} INFO - Processing file /opt/airflow/dags/process_sentinel_ndvi_dag.py for tasks to queue
[2025-06-10T21:03:03.840+0000] {logging_mixin.py:188} INFO - [2025-06-10T21:03:03.840+0000] {dagbag.py:540} INFO - Filling up the DagBag from /opt/airflow/dags/process_sentinel_ndvi_dag.py
[2025-06-10T21:03:03.845+0000] {processor.py:840} INFO - DAG(s) 'sentinel_ndvi_processing_pipeline' retrieved from /opt/airflow/dags/process_sentinel_ndvi_dag.py
[2025-06-10T21:03:03.858+0000] {logging_mixin.py:188} INFO - [2025-06-10T21:03:03.858+0000] {dag.py:3047} INFO - Sync 1 DAGs
[2025-06-10T21:03:03.865+0000] {logging_mixin.py:188} INFO - [2025-06-10T21:03:03.865+0000] {dag.py:3834} INFO - Setting next_dagrun for sentinel_ndvi_processing_pipeline to None, run_after=None
[2025-06-10T21:03:03.881+0000] {processor.py:183} INFO - Processing /opt/airflow/dags/process_sentinel_ndvi_dag.py took 0.044 seconds
[2025-06-10T21:03:33.942+0000] {processor.py:161} INFO - Started process (PID=355) to work on /opt/airflow/dags/process_sentinel_ndvi_dag.py
[2025-06-10T21:03:33.944+0000] {processor.py:830} INFO - Processing file /opt/airflow/dags/process_sentinel_ndvi_dag.py for tasks to queue
[2025-06-10T21:03:33.945+0000] {logging_mixin.py:188} INFO - [2025-06-10T21:03:33.945+0000] {dagbag.py:540} INFO - Filling up the DagBag from /opt/airflow/dags/process_sentinel_ndvi_dag.py
[2025-06-10T21:03:33.950+0000] {processor.py:840} INFO - DAG(s) 'sentinel_ndvi_processing_pipeline' retrieved from /opt/airflow/dags/process_sentinel_ndvi_dag.py
[2025-06-10T21:03:33.963+0000] {logging_mixin.py:188} INFO - [2025-06-10T21:03:33.963+0000] {dag.py:3047} INFO - Sync 1 DAGs
[2025-06-10T21:03:33.970+0000] {logging_mixin.py:188} INFO - [2025-06-10T21:03:33.969+0000] {dag.py:3834} INFO - Setting next_dagrun for sentinel_ndvi_processing_pipeline to None, run_after=None
[2025-06-10T21:03:33.985+0000] {processor.py:183} INFO - Processing /opt/airflow/dags/process_sentinel_ndvi_dag.py took 0.044 seconds
[2025-06-10T21:04:04.021+0000] {processor.py:161} INFO - Started process (PID=362) to work on /opt/airflow/dags/process_sentinel_ndvi_dag.py
[2025-06-10T21:04:04.021+0000] {processor.py:830} INFO - Processing file /opt/airflow/dags/process_sentinel_ndvi_dag.py for tasks to queue
[2025-06-10T21:04:04.022+0000] {logging_mixin.py:188} INFO - [2025-06-10T21:04:04.022+0000] {dagbag.py:540} INFO - Filling up the DagBag from /opt/airflow/dags/process_sentinel_ndvi_dag.py
[2025-06-10T21:04:04.026+0000] {processor.py:840} INFO - DAG(s) 'sentinel_ndvi_processing_pipeline' retrieved from /opt/airflow/dags/process_sentinel_ndvi_dag.py
[2025-06-10T21:04:04.040+0000] {logging_mixin.py:188} INFO - [2025-06-10T21:04:04.039+0000] {dag.py:3047} INFO - Sync 1 DAGs
[2025-06-10T21:04:04.046+0000] {logging_mixin.py:188} INFO - [2025-06-10T21:04:04.046+0000] {dag.py:3834} INFO - Setting next_dagrun for sentinel_ndvi_processing_pipeline to None, run_after=None
[2025-06-10T21:04:04.060+0000] {processor.py:183} INFO - Processing /opt/airflow/dags/process_sentinel_ndvi_dag.py took 0.042 seconds
[2025-06-10T21:14:12.157+0000] {processor.py:161} INFO - Started process (PID=37) to work on /opt/airflow/dags/process_sentinel_ndvi_dag.py
[2025-06-10T21:14:12.157+0000] {processor.py:830} INFO - Processing file /opt/airflow/dags/process_sentinel_ndvi_dag.py for tasks to queue
[2025-06-10T21:14:12.158+0000] {logging_mixin.py:188} INFO - [2025-06-10T21:14:12.158+0000] {dagbag.py:540} INFO - Filling up the DagBag from /opt/airflow/dags/process_sentinel_ndvi_dag.py
[2025-06-10T21:14:12.176+0000] {processor.py:840} INFO - DAG(s) 'sentinel_ndvi_processing_pipeline' retrieved from /opt/airflow/dags/process_sentinel_ndvi_dag.py
[2025-06-10T21:14:12.191+0000] {logging_mixin.py:188} INFO - [2025-06-10T21:14:12.191+0000] {dag.py:3047} INFO - Sync 1 DAGs
[2025-06-10T21:14:12.198+0000] {logging_mixin.py:188} INFO - [2025-06-10T21:14:12.198+0000] {dag.py:3834} INFO - Setting next_dagrun for sentinel_ndvi_processing_pipeline to None, run_after=None
[2025-06-10T21:14:12.209+0000] {processor.py:183} INFO - Processing /opt/airflow/dags/process_sentinel_ndvi_dag.py took 0.054 seconds
[2025-06-10T21:14:42.239+0000] {processor.py:161} INFO - Started process (PID=44) to work on /opt/airflow/dags/process_sentinel_ndvi_dag.py
[2025-06-10T21:14:42.241+0000] {processor.py:830} INFO - Processing file /opt/airflow/dags/process_sentinel_ndvi_dag.py for tasks to queue
[2025-06-10T21:14:42.242+0000] {logging_mixin.py:188} INFO - [2025-06-10T21:14:42.242+0000] {dagbag.py:540} INFO - Filling up the DagBag from /opt/airflow/dags/process_sentinel_ndvi_dag.py
[2025-06-10T21:14:42.247+0000] {processor.py:840} INFO - DAG(s) 'sentinel_ndvi_processing_pipeline' retrieved from /opt/airflow/dags/process_sentinel_ndvi_dag.py
[2025-06-10T21:14:42.255+0000] {logging_mixin.py:188} INFO - [2025-06-10T21:14:42.255+0000] {dag.py:3047} INFO - Sync 1 DAGs
[2025-06-10T21:14:42.263+0000] {logging_mixin.py:188} INFO - [2025-06-10T21:14:42.263+0000] {dag.py:3834} INFO - Setting next_dagrun for sentinel_ndvi_processing_pipeline to None, run_after=None
[2025-06-10T21:14:42.274+0000] {processor.py:183} INFO - Processing /opt/airflow/dags/process_sentinel_ndvi_dag.py took 0.037 seconds
[2025-06-10T21:15:12.349+0000] {processor.py:161} INFO - Started process (PID=51) to work on /opt/airflow/dags/process_sentinel_ndvi_dag.py
[2025-06-10T21:15:12.351+0000] {processor.py:830} INFO - Processing file /opt/airflow/dags/process_sentinel_ndvi_dag.py for tasks to queue
[2025-06-10T21:15:12.351+0000] {logging_mixin.py:188} INFO - [2025-06-10T21:15:12.351+0000] {dagbag.py:540} INFO - Filling up the DagBag from /opt/airflow/dags/process_sentinel_ndvi_dag.py
[2025-06-10T21:15:12.358+0000] {processor.py:840} INFO - DAG(s) 'sentinel_ndvi_processing_pipeline' retrieved from /opt/airflow/dags/process_sentinel_ndvi_dag.py
[2025-06-10T21:15:12.508+0000] {logging_mixin.py:188} INFO - [2025-06-10T21:15:12.507+0000] {dag.py:3047} INFO - Sync 1 DAGs
[2025-06-10T21:15:12.514+0000] {logging_mixin.py:188} INFO - [2025-06-10T21:15:12.513+0000] {dag.py:3834} INFO - Setting next_dagrun for sentinel_ndvi_processing_pipeline to None, run_after=None
[2025-06-10T21:15:12.522+0000] {processor.py:183} INFO - Processing /opt/airflow/dags/process_sentinel_ndvi_dag.py took 0.175 seconds
[2025-06-10T21:15:42.597+0000] {processor.py:161} INFO - Started process (PID=58) to work on /opt/airflow/dags/process_sentinel_ndvi_dag.py
[2025-06-10T21:15:42.598+0000] {processor.py:830} INFO - Processing file /opt/airflow/dags/process_sentinel_ndvi_dag.py for tasks to queue
[2025-06-10T21:15:42.599+0000] {logging_mixin.py:188} INFO - [2025-06-10T21:15:42.599+0000] {dagbag.py:540} INFO - Filling up the DagBag from /opt/airflow/dags/process_sentinel_ndvi_dag.py
[2025-06-10T21:15:42.605+0000] {processor.py:840} INFO - DAG(s) 'sentinel_ndvi_processing_pipeline' retrieved from /opt/airflow/dags/process_sentinel_ndvi_dag.py
[2025-06-10T21:15:42.618+0000] {logging_mixin.py:188} INFO - [2025-06-10T21:15:42.618+0000] {dag.py:3047} INFO - Sync 1 DAGs
[2025-06-10T21:15:42.624+0000] {logging_mixin.py:188} INFO - [2025-06-10T21:15:42.624+0000] {dag.py:3834} INFO - Setting next_dagrun for sentinel_ndvi_processing_pipeline to None, run_after=None
[2025-06-10T21:15:42.641+0000] {processor.py:183} INFO - Processing /opt/airflow/dags/process_sentinel_ndvi_dag.py took 0.046 seconds
[2025-06-10T21:16:12.662+0000] {processor.py:161} INFO - Started process (PID=65) to work on /opt/airflow/dags/process_sentinel_ndvi_dag.py
[2025-06-10T21:16:12.663+0000] {processor.py:830} INFO - Processing file /opt/airflow/dags/process_sentinel_ndvi_dag.py for tasks to queue
[2025-06-10T21:16:12.664+0000] {logging_mixin.py:188} INFO - [2025-06-10T21:16:12.664+0000] {dagbag.py:540} INFO - Filling up the DagBag from /opt/airflow/dags/process_sentinel_ndvi_dag.py
[2025-06-10T21:16:12.669+0000] {processor.py:840} INFO - DAG(s) 'sentinel_ndvi_processing_pipeline' retrieved from /opt/airflow/dags/process_sentinel_ndvi_dag.py
[2025-06-10T21:16:12.681+0000] {logging_mixin.py:188} INFO - [2025-06-10T21:16:12.681+0000] {dag.py:3047} INFO - Sync 1 DAGs
[2025-06-10T21:16:12.687+0000] {logging_mixin.py:188} INFO - [2025-06-10T21:16:12.687+0000] {dag.py:3834} INFO - Setting next_dagrun for sentinel_ndvi_processing_pipeline to None, run_after=None
[2025-06-10T21:16:12.696+0000] {processor.py:183} INFO - Processing /opt/airflow/dags/process_sentinel_ndvi_dag.py took 0.036 seconds
[2025-06-10T21:16:42.734+0000] {processor.py:161} INFO - Started process (PID=72) to work on /opt/airflow/dags/process_sentinel_ndvi_dag.py
[2025-06-10T21:16:43.135+0000] {processor.py:830} INFO - Processing file /opt/airflow/dags/process_sentinel_ndvi_dag.py for tasks to queue
[2025-06-10T21:16:43.136+0000] {logging_mixin.py:188} INFO - [2025-06-10T21:16:43.136+0000] {dagbag.py:540} INFO - Filling up the DagBag from /opt/airflow/dags/process_sentinel_ndvi_dag.py
[2025-06-10T21:16:43.142+0000] {processor.py:840} INFO - DAG(s) 'sentinel_ndvi_processing_pipeline' retrieved from /opt/airflow/dags/process_sentinel_ndvi_dag.py
[2025-06-10T21:16:43.158+0000] {logging_mixin.py:188} INFO - [2025-06-10T21:16:43.158+0000] {dag.py:3047} INFO - Sync 1 DAGs
[2025-06-10T21:16:43.164+0000] {logging_mixin.py:188} INFO - [2025-06-10T21:16:43.164+0000] {dag.py:3834} INFO - Setting next_dagrun for sentinel_ndvi_processing_pipeline to None, run_after=None
[2025-06-10T21:16:43.179+0000] {processor.py:183} INFO - Processing /opt/airflow/dags/process_sentinel_ndvi_dag.py took 0.448 seconds
[2025-06-10T21:17:13.254+0000] {processor.py:161} INFO - Started process (PID=79) to work on /opt/airflow/dags/process_sentinel_ndvi_dag.py
[2025-06-10T21:17:13.256+0000] {processor.py:830} INFO - Processing file /opt/airflow/dags/process_sentinel_ndvi_dag.py for tasks to queue
[2025-06-10T21:17:13.258+0000] {logging_mixin.py:188} INFO - [2025-06-10T21:17:13.258+0000] {dagbag.py:540} INFO - Filling up the DagBag from /opt/airflow/dags/process_sentinel_ndvi_dag.py
[2025-06-10T21:17:13.265+0000] {processor.py:840} INFO - DAG(s) 'sentinel_ndvi_processing_pipeline' retrieved from /opt/airflow/dags/process_sentinel_ndvi_dag.py
[2025-06-10T21:17:13.278+0000] {logging_mixin.py:188} INFO - [2025-06-10T21:17:13.278+0000] {dag.py:3047} INFO - Sync 1 DAGs
[2025-06-10T21:17:13.285+0000] {logging_mixin.py:188} INFO - [2025-06-10T21:17:13.285+0000] {dag.py:3834} INFO - Setting next_dagrun for sentinel_ndvi_processing_pipeline to None, run_after=None
[2025-06-10T21:17:13.301+0000] {processor.py:183} INFO - Processing /opt/airflow/dags/process_sentinel_ndvi_dag.py took 0.049 seconds
