[2025-06-10T20:35:26.583+0000] {taskinstance.py:1979} INFO - Dependencies all met for dep_context=non-requeueable deps ti=<TaskInstance: sentinel_ndvi_processing_pipeline.find_latest_sentinel_data manual__2025-06-10T20:35:25.173171+00:00 [queued]>
[2025-06-10T20:35:26.587+0000] {taskinstance.py:1979} INFO - Dependencies all met for dep_context=requeueable deps ti=<TaskInstance: sentinel_ndvi_processing_pipeline.find_latest_sentinel_data manual__2025-06-10T20:35:25.173171+00:00 [queued]>
[2025-06-10T20:35:26.588+0000] {taskinstance.py:2193} INFO - Starting attempt 1 of 1
[2025-06-10T20:35:26.593+0000] {taskinstance.py:2214} INFO - Executing <Task(BashOperator): find_latest_sentinel_data> on 2025-06-10 20:35:25.173171+00:00
[2025-06-10T20:35:26.596+0000] {standard_task_runner.py:60} INFO - Started process 126 to run task
[2025-06-10T20:35:26.599+0000] {standard_task_runner.py:87} INFO - Running: ['***', 'tasks', 'run', 'sentinel_ndvi_processing_pipeline', 'find_latest_sentinel_data', 'manual__2025-06-10T20:35:25.173171+00:00', '--job-id', '11', '--raw', '--subdir', 'DAGS_FOLDER/process_sentinel_ndvi_dag.py', '--cfg-path', '/tmp/tmpjwh6uesp']
[2025-06-10T20:35:26.599+0000] {standard_task_runner.py:88} INFO - Job 11: Subtask find_latest_sentinel_data
[2025-06-10T20:35:26.624+0000] {task_command.py:423} INFO - Running <TaskInstance: sentinel_ndvi_processing_pipeline.find_latest_sentinel_data manual__2025-06-10T20:35:25.173171+00:00 [running]> on host 0afa38759197
[2025-06-10T20:35:26.660+0000] {taskinstance.py:2510} INFO - Exporting env vars: AIRFLOW_CTX_DAG_OWNER='***' AIRFLOW_CTX_DAG_ID='sentinel_ndvi_processing_pipeline' AIRFLOW_CTX_TASK_ID='find_latest_sentinel_data' AIRFLOW_CTX_EXECUTION_DATE='2025-06-10T20:35:25.173171+00:00' AIRFLOW_CTX_TRY_NUMBER='1' AIRFLOW_CTX_DAG_RUN_ID='manual__2025-06-10T20:35:25.173171+00:00'
[2025-06-10T20:35:26.660+0000] {subprocess.py:63} INFO - Tmp dir root location: /tmp
[2025-06-10T20:35:26.661+0000] {subprocess.py:75} INFO - Running command: ['/usr/bin/bash', '-c', 'cd /opt/***/processing_output && python3 /opt/***/dags/pipeline_tasks/get_latest_sentinel_data.py']
[2025-06-10T20:35:26.668+0000] {subprocess.py:86} INFO - Output:
[2025-06-10T20:35:29.328+0000] {subprocess.py:93} INFO - Connected to: Earth Search by Element 84
[2025-06-10T20:35:29.329+0000] {subprocess.py:93} INFO - --- Starting data discovery for AOI: Ashdod ---
[2025-06-10T20:35:29.329+0000] {subprocess.py:93} INFO - 
[2025-06-10T20:35:29.329+0000] {subprocess.py:93} INFO - Searching for items in date range: 2025-05-11T20:35:27.483421+00:00/2025-06-10T20:35:27.483421+00:00
[2025-06-10T20:35:29.329+0000] {subprocess.py:93} INFO - Found 8 items in the date range.
[2025-06-10T20:35:29.329+0000] {subprocess.py:93} INFO - 
[2025-06-10T20:35:29.329+0000] {subprocess.py:93} INFO - Processing Item ID: S2A_36SXA_20250610_0_L2A
[2025-06-10T20:35:29.329+0000] {subprocess.py:93} INFO - Acquired on: 2025-06-10 08:31:32.878000+00:00
[2025-06-10T20:35:29.329+0000] {subprocess.py:93} INFO - Found Red band asset URL:
[2025-06-10T20:35:29.329+0000] {subprocess.py:93} INFO - https://sentinel-cogs.s3.us-west-2.amazonaws.com/sentinel-s2-l2a-cogs/36/S/XA/2025/6/S2A_36SXA_20250610_0_L2A/B04.tif
[2025-06-10T20:35:29.329+0000] {subprocess.py:93} INFO - Found NIR band asset URL:
[2025-06-10T20:35:29.329+0000] {subprocess.py:93} INFO - https://sentinel-cogs.s3.us-west-2.amazonaws.com/sentinel-s2-l2a-cogs/36/S/XA/2025/6/S2A_36SXA_20250610_0_L2A/B08.tif
[2025-06-10T20:35:29.329+0000] {subprocess.py:93} INFO - Found SCL (cloud mask) asset URL:
[2025-06-10T20:35:29.329+0000] {subprocess.py:93} INFO - https://sentinel-cogs.s3.us-west-2.amazonaws.com/sentinel-s2-l2a-cogs/36/S/XA/2025/6/S2A_36SXA_20250610_0_L2A/SCL.tif
[2025-06-10T20:35:29.329+0000] {subprocess.py:93} INFO - 
[2025-06-10T20:35:29.329+0000] {subprocess.py:93} INFO - ERROR: Failed to save band URLs to JSON file: [Errno 13] Permission denied: 'S2A_36SXA_20250610_0_L2A_bands.json'
[2025-06-10T20:35:29.329+0000] {subprocess.py:93} INFO - 
[2025-06-10T20:35:29.329+0000] {subprocess.py:93} INFO - --- Script Finished ---
[2025-06-10T20:35:29.345+0000] {subprocess.py:97} INFO - Command exited with return code 0
[2025-06-10T20:35:29.366+0000] {taskinstance.py:1149} INFO - Marking task as SUCCESS. dag_id=sentinel_ndvi_processing_pipeline, task_id=find_latest_sentinel_data, execution_date=20250610T203525, start_date=20250610T203526, end_date=20250610T203529
[2025-06-10T20:35:29.415+0000] {local_task_job_runner.py:234} INFO - Task exited with return code 0
[2025-06-10T20:35:29.430+0000] {taskinstance.py:3309} INFO - 1 downstream tasks scheduled from follow-on schedule check
