[2025-06-10T20:44:12.342+0000] {taskinstance.py:1979} INFO - Dependencies all met for dep_context=non-requeueable deps ti=<TaskInstance: sentinel_ndvi_processing_pipeline.find_latest_sentinel_data manual__2025-06-10T20:44:10.958085+00:00 [queued]>
[2025-06-10T20:44:12.346+0000] {taskinstance.py:1979} INFO - Dependencies all met for dep_context=requeueable deps ti=<TaskInstance: sentinel_ndvi_processing_pipeline.find_latest_sentinel_data manual__2025-06-10T20:44:10.958085+00:00 [queued]>
[2025-06-10T20:44:12.347+0000] {taskinstance.py:2193} INFO - Starting attempt 1 of 1
[2025-06-10T20:44:12.352+0000] {taskinstance.py:2214} INFO - Executing <Task(BashOperator): find_latest_sentinel_data> on 2025-06-10 20:44:10.958085+00:00
[2025-06-10T20:44:12.355+0000] {standard_task_runner.py:60} INFO - Started process 159 to run task
[2025-06-10T20:44:12.357+0000] {standard_task_runner.py:87} INFO - Running: ['***', 'tasks', 'run', 'sentinel_ndvi_processing_pipeline', 'find_latest_sentinel_data', 'manual__2025-06-10T20:44:10.958085+00:00', '--job-id', '28', '--raw', '--subdir', 'DAGS_FOLDER/process_sentinel_ndvi_dag.py', '--cfg-path', '/tmp/tmpf6ct56nq']
[2025-06-10T20:44:12.358+0000] {standard_task_runner.py:88} INFO - Job 28: Subtask find_latest_sentinel_data
[2025-06-10T20:44:12.381+0000] {task_command.py:423} INFO - Running <TaskInstance: sentinel_ndvi_processing_pipeline.find_latest_sentinel_data manual__2025-06-10T20:44:10.958085+00:00 [running]> on host 66a34d3b63c1
[2025-06-10T20:44:12.415+0000] {taskinstance.py:2510} INFO - Exporting env vars: AIRFLOW_CTX_DAG_OWNER='***' AIRFLOW_CTX_DAG_ID='sentinel_ndvi_processing_pipeline' AIRFLOW_CTX_TASK_ID='find_latest_sentinel_data' AIRFLOW_CTX_EXECUTION_DATE='2025-06-10T20:44:10.958085+00:00' AIRFLOW_CTX_TRY_NUMBER='1' AIRFLOW_CTX_DAG_RUN_ID='manual__2025-06-10T20:44:10.958085+00:00'
[2025-06-10T20:44:12.416+0000] {subprocess.py:63} INFO - Tmp dir root location: /tmp
[2025-06-10T20:44:12.417+0000] {subprocess.py:75} INFO - Running command: ['/usr/bin/bash', '-c', 'cd /opt/***/processing_output && python3 /opt/***/dags/pipeline_tasks/get_latest_sentinel_data.py']
[2025-06-10T20:44:12.424+0000] {subprocess.py:86} INFO - Output:
[2025-06-10T20:44:15.094+0000] {subprocess.py:93} INFO - Connected to: Earth Search by Element 84
[2025-06-10T20:44:15.094+0000] {subprocess.py:93} INFO - --- Starting data discovery for AOI: Ashdod ---
[2025-06-10T20:44:15.095+0000] {subprocess.py:93} INFO - 
[2025-06-10T20:44:15.095+0000] {subprocess.py:93} INFO - Searching for items in date range: 2025-05-11T20:44:13.286073+00:00/2025-06-10T20:44:13.286073+00:00
[2025-06-10T20:44:15.095+0000] {subprocess.py:93} INFO - Found 8 items in the date range.
[2025-06-10T20:44:15.095+0000] {subprocess.py:93} INFO - 
[2025-06-10T20:44:15.095+0000] {subprocess.py:93} INFO - Processing Item ID: S2A_36SXA_20250610_0_L2A
[2025-06-10T20:44:15.095+0000] {subprocess.py:93} INFO - Acquired on: 2025-06-10 08:31:32.878000+00:00
[2025-06-10T20:44:15.095+0000] {subprocess.py:93} INFO - Found Red band asset URL:
[2025-06-10T20:44:15.095+0000] {subprocess.py:93} INFO - https://sentinel-cogs.s3.us-west-2.amazonaws.com/sentinel-s2-l2a-cogs/36/S/XA/2025/6/S2A_36SXA_20250610_0_L2A/B04.tif
[2025-06-10T20:44:15.095+0000] {subprocess.py:93} INFO - Found NIR band asset URL:
[2025-06-10T20:44:15.095+0000] {subprocess.py:93} INFO - https://sentinel-cogs.s3.us-west-2.amazonaws.com/sentinel-s2-l2a-cogs/36/S/XA/2025/6/S2A_36SXA_20250610_0_L2A/B08.tif
[2025-06-10T20:44:15.095+0000] {subprocess.py:93} INFO - Found SCL (cloud mask) asset URL:
[2025-06-10T20:44:15.095+0000] {subprocess.py:93} INFO - https://sentinel-cogs.s3.us-west-2.amazonaws.com/sentinel-s2-l2a-cogs/36/S/XA/2025/6/S2A_36SXA_20250610_0_L2A/SCL.tif
[2025-06-10T20:44:15.095+0000] {subprocess.py:93} INFO - 
[2025-06-10T20:44:15.095+0000] {subprocess.py:93} INFO - ERROR: Failed to save band URLs to JSON file: [Errno 13] Permission denied: 'S2A_36SXA_20250610_0_L2A_bands.json'
[2025-06-10T20:44:15.095+0000] {subprocess.py:93} INFO - 
[2025-06-10T20:44:15.095+0000] {subprocess.py:93} INFO - --- Script Finished ---
[2025-06-10T20:44:15.111+0000] {subprocess.py:97} INFO - Command exited with return code 0
[2025-06-10T20:44:15.134+0000] {taskinstance.py:1149} INFO - Marking task as SUCCESS. dag_id=sentinel_ndvi_processing_pipeline, task_id=find_latest_sentinel_data, execution_date=20250610T204410, start_date=20250610T204412, end_date=20250610T204415
[2025-06-10T20:44:15.174+0000] {local_task_job_runner.py:234} INFO - Task exited with return code 0
[2025-06-10T20:44:15.188+0000] {taskinstance.py:3309} INFO - 1 downstream tasks scheduled from follow-on schedule check
