[2025-06-11T16:52:02.710+0000] {taskinstance.py:1979} INFO - Dependencies all met for dep_context=non-requeueable deps ti=<TaskInstance: sentinel_ndvi_processing_pipeline.find_latest_sentinel_data manual__2025-06-11T16:52:00.769961+00:00 [queued]>
[2025-06-11T16:52:02.714+0000] {taskinstance.py:1979} INFO - Dependencies all met for dep_context=requeueable deps ti=<TaskInstance: sentinel_ndvi_processing_pipeline.find_latest_sentinel_data manual__2025-06-11T16:52:00.769961+00:00 [queued]>
[2025-06-11T16:52:02.714+0000] {taskinstance.py:2193} INFO - Starting attempt 1 of 1
[2025-06-11T16:52:02.721+0000] {taskinstance.py:2214} INFO - Executing <Task(BashOperator): find_latest_sentinel_data> on 2025-06-11 16:52:00.769961+00:00
[2025-06-11T16:52:02.724+0000] {standard_task_runner.py:60} INFO - Started process 67 to run task
[2025-06-11T16:52:02.726+0000] {standard_task_runner.py:87} INFO - Running: ['***', 'tasks', 'run', 'sentinel_ndvi_processing_pipeline', 'find_latest_sentinel_data', 'manual__2025-06-11T16:52:00.769961+00:00', '--job-id', '54', '--raw', '--subdir', 'DAGS_FOLDER/process_sentinel_ndvi_dag.py', '--cfg-path', '/tmp/tmp4j7q4f7w']
[2025-06-11T16:52:02.727+0000] {standard_task_runner.py:88} INFO - Job 54: Subtask find_latest_sentinel_data
[2025-06-11T16:52:02.757+0000] {task_command.py:423} INFO - Running <TaskInstance: sentinel_ndvi_processing_pipeline.find_latest_sentinel_data manual__2025-06-11T16:52:00.769961+00:00 [running]> on host af8193c146bc
[2025-06-11T16:52:02.800+0000] {taskinstance.py:2510} INFO - Exporting env vars: AIRFLOW_CTX_DAG_OWNER='***' AIRFLOW_CTX_DAG_ID='sentinel_ndvi_processing_pipeline' AIRFLOW_CTX_TASK_ID='find_latest_sentinel_data' AIRFLOW_CTX_EXECUTION_DATE='2025-06-11T16:52:00.769961+00:00' AIRFLOW_CTX_TRY_NUMBER='1' AIRFLOW_CTX_DAG_RUN_ID='manual__2025-06-11T16:52:00.769961+00:00'
[2025-06-11T16:52:02.801+0000] {subprocess.py:63} INFO - Tmp dir root location: /tmp
[2025-06-11T16:52:02.801+0000] {subprocess.py:75} INFO - Running command: ['/usr/bin/bash', '-c', 'cd /opt/***/processing_output && python3 /opt/***/dags/pipeline_tasks/get_latest_sentinel_data.py']
[2025-06-11T16:52:02.808+0000] {subprocess.py:86} INFO - Output:
[2025-06-11T16:52:05.675+0000] {subprocess.py:93} INFO - Connected to: Earth Search by Element 84
[2025-06-11T16:52:05.676+0000] {subprocess.py:93} INFO - --- Starting data discovery for AOI: Ashdod ---
[2025-06-11T16:52:05.676+0000] {subprocess.py:93} INFO - 
[2025-06-11T16:52:05.676+0000] {subprocess.py:93} INFO - Searching for items in date range: 2025-05-12T16:52:03.859261+00:00/2025-06-11T16:52:03.859261+00:00
[2025-06-11T16:52:05.676+0000] {subprocess.py:93} INFO - Found 8 items in the date range.
[2025-06-11T16:52:05.676+0000] {subprocess.py:93} INFO - 
[2025-06-11T16:52:05.676+0000] {subprocess.py:93} INFO - Processing Item ID: S2A_36SXA_20250610_0_L2A
[2025-06-11T16:52:05.676+0000] {subprocess.py:93} INFO - Acquired on: 2025-06-10 08:31:32.878000+00:00
[2025-06-11T16:52:05.677+0000] {subprocess.py:93} INFO - Found Red band asset URL:
[2025-06-11T16:52:05.677+0000] {subprocess.py:93} INFO - https://sentinel-cogs.s3.us-west-2.amazonaws.com/sentinel-s2-l2a-cogs/36/S/XA/2025/6/S2A_36SXA_20250610_0_L2A/B04.tif
[2025-06-11T16:52:05.677+0000] {subprocess.py:93} INFO - Found NIR band asset URL:
[2025-06-11T16:52:05.677+0000] {subprocess.py:93} INFO - https://sentinel-cogs.s3.us-west-2.amazonaws.com/sentinel-s2-l2a-cogs/36/S/XA/2025/6/S2A_36SXA_20250610_0_L2A/B08.tif
[2025-06-11T16:52:05.677+0000] {subprocess.py:93} INFO - Found SCL (cloud mask) asset URL:
[2025-06-11T16:52:05.677+0000] {subprocess.py:93} INFO - https://sentinel-cogs.s3.us-west-2.amazonaws.com/sentinel-s2-l2a-cogs/36/S/XA/2025/6/S2A_36SXA_20250610_0_L2A/SCL.tif
[2025-06-11T16:52:05.677+0000] {subprocess.py:93} INFO - SUCCESS: Band URLs saved to S2A_36SXA_20250610_0_L2A_bands.json
[2025-06-11T16:52:05.677+0000] {subprocess.py:93} INFO - S2A_36SXA_20250610_0_L2A_bands.json
[2025-06-11T16:52:05.694+0000] {subprocess.py:97} INFO - Command exited with return code 0
[2025-06-11T16:52:05.714+0000] {taskinstance.py:1149} INFO - Marking task as SUCCESS. dag_id=sentinel_ndvi_processing_pipeline, task_id=find_latest_sentinel_data, execution_date=20250611T165200, start_date=20250611T165202, end_date=20250611T165205
[2025-06-11T16:52:05.744+0000] {local_task_job_runner.py:234} INFO - Task exited with return code 0
[2025-06-11T16:52:05.760+0000] {taskinstance.py:3309} INFO - 1 downstream tasks scheduled from follow-on schedule check
