[2025-06-10T20:47:27.433+0000] {taskinstance.py:1979} INFO - Dependencies all met for dep_context=non-requeueable deps ti=<TaskInstance: sentinel_ndvi_processing_pipeline.calculate_ndvi_from_bands manual__2025-06-10T20:47:23.151154+00:00 [queued]>
[2025-06-10T20:47:27.437+0000] {taskinstance.py:1979} INFO - Dependencies all met for dep_context=requeueable deps ti=<TaskInstance: sentinel_ndvi_processing_pipeline.calculate_ndvi_from_bands manual__2025-06-10T20:47:23.151154+00:00 [queued]>
[2025-06-10T20:47:27.437+0000] {taskinstance.py:2193} INFO - Starting attempt 1 of 1
[2025-06-10T20:47:27.443+0000] {taskinstance.py:2214} INFO - Executing <Task(BashOperator): calculate_ndvi_from_bands> on 2025-06-10 20:47:23.151154+00:00
[2025-06-10T20:47:27.447+0000] {standard_task_runner.py:60} INFO - Started process 228 to run task
[2025-06-10T20:47:27.448+0000] {standard_task_runner.py:87} INFO - Running: ['***', 'tasks', 'run', 'sentinel_ndvi_processing_pipeline', 'calculate_ndvi_from_bands', 'manual__2025-06-10T20:47:23.151154+00:00', '--job-id', '32', '--raw', '--subdir', 'DAGS_FOLDER/process_sentinel_ndvi_dag.py', '--cfg-path', '/tmp/tmpjxayef5p']
[2025-06-10T20:47:27.449+0000] {standard_task_runner.py:88} INFO - Job 32: Subtask calculate_ndvi_from_bands
[2025-06-10T20:47:27.475+0000] {task_command.py:423} INFO - Running <TaskInstance: sentinel_ndvi_processing_pipeline.calculate_ndvi_from_bands manual__2025-06-10T20:47:23.151154+00:00 [running]> on host 66a34d3b63c1
[2025-06-10T20:47:27.515+0000] {taskinstance.py:2510} INFO - Exporting env vars: AIRFLOW_CTX_DAG_OWNER='***' AIRFLOW_CTX_DAG_ID='sentinel_ndvi_processing_pipeline' AIRFLOW_CTX_TASK_ID='calculate_ndvi_from_bands' AIRFLOW_CTX_EXECUTION_DATE='2025-06-10T20:47:23.151154+00:00' AIRFLOW_CTX_TRY_NUMBER='1' AIRFLOW_CTX_DAG_RUN_ID='manual__2025-06-10T20:47:23.151154+00:00'
[2025-06-10T20:47:27.516+0000] {subprocess.py:63} INFO - Tmp dir root location: /tmp
[2025-06-10T20:47:27.516+0000] {subprocess.py:75} INFO - Running command: ['/usr/bin/bash', '-c', "cd /opt/***/processing_output && python3 /opt/***/dags/pipeline_tasks/calculate_ndvi_from_bands.py ERROR: Failed to save band URLs to JSON file: [Errno 13] Permission denied: 'S2A_36SXA_20250610_0_L2A_bands.json'"]
[2025-06-10T20:47:27.524+0000] {subprocess.py:86} INFO - Output:
[2025-06-10T20:47:27.876+0000] {subprocess.py:93} INFO - usage: calculate_ndvi_from_bands.py [-h] input_json
[2025-06-10T20:47:27.877+0000] {subprocess.py:93} INFO - calculate_ndvi_from_bands.py: error: unrecognized arguments: Failed to save band URLs to JSON file: [Errno 13] Permission denied: S2A_36SXA_20250610_0_L2A_bands.json
[2025-06-10T20:47:27.921+0000] {subprocess.py:97} INFO - Command exited with return code 2
[2025-06-10T20:47:27.927+0000] {taskinstance.py:2728} ERROR - Task failed with exception
Traceback (most recent call last):
  File "/home/airflow/.local/lib/python3.9/site-packages/airflow/models/taskinstance.py", line 444, in _execute_task
    result = _execute_callable(context=context, **execute_callable_kwargs)
  File "/home/airflow/.local/lib/python3.9/site-packages/airflow/models/taskinstance.py", line 414, in _execute_callable
    return execute_callable(context=context, **execute_callable_kwargs)
  File "/home/airflow/.local/lib/python3.9/site-packages/airflow/operators/bash.py", line 212, in execute
    raise AirflowException(
airflow.exceptions.AirflowException: Bash command failed. The command returned a non-zero exit code 2.
[2025-06-10T20:47:27.929+0000] {taskinstance.py:1149} INFO - Marking task as FAILED. dag_id=sentinel_ndvi_processing_pipeline, task_id=calculate_ndvi_from_bands, execution_date=20250610T204723, start_date=20250610T204727, end_date=20250610T204727
[2025-06-10T20:47:27.941+0000] {standard_task_runner.py:107} ERROR - Failed to execute job 32 for task calculate_ndvi_from_bands (Bash command failed. The command returned a non-zero exit code 2.; 228)
[2025-06-10T20:47:27.981+0000] {local_task_job_runner.py:234} INFO - Task exited with return code 1
[2025-06-10T20:47:27.993+0000] {taskinstance.py:3309} INFO - 0 downstream tasks scheduled from follow-on schedule check
