[2025-06-10T20:59:21.051+0000] {taskinstance.py:1979} INFO - Dependencies all met for dep_context=non-requeueable deps ti=<TaskInstance: sentinel_ndvi_processing_pipeline.calculate_ndvi_from_bands manual__2025-06-10T20:59:16.077260+00:00 [queued]>
[2025-06-10T20:59:21.056+0000] {taskinstance.py:1979} INFO - Dependencies all met for dep_context=requeueable deps ti=<TaskInstance: sentinel_ndvi_processing_pipeline.calculate_ndvi_from_bands manual__2025-06-10T20:59:16.077260+00:00 [queued]>
[2025-06-10T20:59:21.056+0000] {taskinstance.py:2193} INFO - Starting attempt 1 of 1
[2025-06-10T20:59:21.062+0000] {taskinstance.py:2214} INFO - Executing <Task(BashOperator): calculate_ndvi_from_bands> on 2025-06-10 20:59:16.077260+00:00
[2025-06-10T20:59:21.066+0000] {standard_task_runner.py:60} INFO - Started process 467 to run task
[2025-06-10T20:59:21.068+0000] {standard_task_runner.py:87} INFO - Running: ['***', 'tasks', 'run', 'sentinel_ndvi_processing_pipeline', 'calculate_ndvi_from_bands', 'manual__2025-06-10T20:59:16.077260+00:00', '--job-id', '43', '--raw', '--subdir', 'DAGS_FOLDER/process_sentinel_ndvi_dag.py', '--cfg-path', '/tmp/tmpgfpy98x7']
[2025-06-10T20:59:21.069+0000] {standard_task_runner.py:88} INFO - Job 43: Subtask calculate_ndvi_from_bands
[2025-06-10T20:59:21.093+0000] {task_command.py:423} INFO - Running <TaskInstance: sentinel_ndvi_processing_pipeline.calculate_ndvi_from_bands manual__2025-06-10T20:59:16.077260+00:00 [running]> on host 66a34d3b63c1
[2025-06-10T20:59:21.141+0000] {taskinstance.py:2510} INFO - Exporting env vars: AIRFLOW_CTX_DAG_OWNER='***' AIRFLOW_CTX_DAG_ID='sentinel_ndvi_processing_pipeline' AIRFLOW_CTX_TASK_ID='calculate_ndvi_from_bands' AIRFLOW_CTX_EXECUTION_DATE='2025-06-10T20:59:16.077260+00:00' AIRFLOW_CTX_TRY_NUMBER='1' AIRFLOW_CTX_DAG_RUN_ID='manual__2025-06-10T20:59:16.077260+00:00'
[2025-06-10T20:59:21.142+0000] {subprocess.py:63} INFO - Tmp dir root location: /tmp
[2025-06-10T20:59:21.142+0000] {subprocess.py:75} INFO - Running command: ['/usr/bin/bash', '-c', 'cd /opt/***/processing_output && python3 /opt/***/dags/pipeline_tasks/calculate_ndvi_from_bands.py S2A_36SXA_20250610_0_L2A_bands.json']
[2025-06-10T20:59:21.150+0000] {subprocess.py:86} INFO - Output:
[2025-06-10T21:01:54.124+0000] {subprocess.py:93} INFO - --- Starting NDVI calculation from input file: S2A_36SXA_20250610_0_L2A_bands.json ---
[2025-06-10T21:01:54.125+0000] {subprocess.py:93} INFO - 
[2025-06-10T21:01:54.125+0000] {subprocess.py:93} INFO - Attempting to open band:
[2025-06-10T21:01:54.125+0000] {subprocess.py:93} INFO - https://sentinel-cogs.s3.us-west-2.amazonaws.com/sentinel-s2-l2a-cogs/36/S/XA/2025/6/S2A_36SXA_20250610_0_L2A/B04.tif
[2025-06-10T21:01:54.125+0000] {subprocess.py:93} INFO -   Successfully opened 'https://sentinel-cogs.s3.us-west-2.amazonaws.com/sentinel-s2-l2a-cogs/36/S/XA/2025/6/S2A_36SXA_20250610_0_L2A/B04.tif'.
[2025-06-10T21:01:54.126+0000] {subprocess.py:93} INFO - 
[2025-06-10T21:01:54.126+0000] {subprocess.py:93} INFO - Attempting to open band:
[2025-06-10T21:01:54.126+0000] {subprocess.py:93} INFO - https://sentinel-cogs.s3.us-west-2.amazonaws.com/sentinel-s2-l2a-cogs/36/S/XA/2025/6/S2A_36SXA_20250610_0_L2A/B08.tif
[2025-06-10T21:01:54.126+0000] {subprocess.py:93} INFO -   Successfully opened 'https://sentinel-cogs.s3.us-west-2.amazonaws.com/sentinel-s2-l2a-cogs/36/S/XA/2025/6/S2A_36SXA_20250610_0_L2A/B08.tif'.
[2025-06-10T21:01:54.126+0000] {subprocess.py:93} INFO - 
[2025-06-10T21:01:54.126+0000] {subprocess.py:93} INFO - Transferring band data to GPU and calculating NDVI...
[2025-06-10T21:01:54.126+0000] {subprocess.py:93} INFO -   Data transferred to GPU.
[2025-06-10T21:01:54.127+0000] {subprocess.py:93} INFO - ERROR: Error during GPU NDVI calculation: /home/***/.local/lib/python3.9/site-packages/cupy/_core/include/cupy/_cuda/cuda-12.3/cuda_fp16.h(129): catastrophic error: cannot open source file "vector_types.h"
[2025-06-10T21:01:54.127+0000] {subprocess.py:93} INFO -   #include "vector_types.h"
[2025-06-10T21:01:54.127+0000] {subprocess.py:93} INFO -                            ^
[2025-06-10T21:01:54.127+0000] {subprocess.py:93} INFO - 
[2025-06-10T21:01:54.127+0000] {subprocess.py:93} INFO - 1 catastrophic error detected in the compilation of "/tmp/tmpnfa7216z/ee964b2b4ca650518c1ed9a884cbb4da497736bb.cubin.cu".
[2025-06-10T21:01:54.127+0000] {subprocess.py:93} INFO - Compilation terminated.
[2025-06-10T21:01:54.127+0000] {subprocess.py:93} INFO - 
[2025-06-10T21:01:54.127+0000] {subprocess.py:93} INFO - NDVI calculation failed.
[2025-06-10T21:01:54.127+0000] {subprocess.py:93} INFO - 
[2025-06-10T21:01:54.127+0000] {subprocess.py:93} INFO - --- Script Finished with Errors ---
[2025-06-10T21:01:54.325+0000] {subprocess.py:97} INFO - Command exited with return code 0
[2025-06-10T21:01:54.344+0000] {taskinstance.py:1149} INFO - Marking task as SUCCESS. dag_id=sentinel_ndvi_processing_pipeline, task_id=calculate_ndvi_from_bands, execution_date=20250610T205916, start_date=20250610T205921, end_date=20250610T210154
[2025-06-10T21:01:54.382+0000] {local_task_job_runner.py:234} INFO - Task exited with return code 0
[2025-06-10T21:01:54.394+0000] {taskinstance.py:3309} INFO - 1 downstream tasks scheduled from follow-on schedule check
